[INFO] Scanning for projects...
[INFO] 
[INFO] ---------------------< com.trace:product-service >----------------------
[INFO] Building product-service 0.0.1-SNAPSHOT
[INFO]   from pom.xml
[INFO] --------------------------------[ jar ]---------------------------------
[INFO] 
[INFO] >>> spring-boot:3.4.0:run (default-cli) > test-compile @ product-service >>>
[INFO] 
[INFO] --- resources:3.3.1:resources (default-resources) @ product-service ---
[INFO] Copying 1 resource from src\main\resources to target\classes
[INFO] Copying 4 resources from src\main\resources to target\classes
[INFO] 
[INFO] --- compiler:3.13.0:compile (default-compile) @ product-service ---
[INFO] Nothing to compile - all classes are up to date.
[INFO] 
[INFO] --- resources:3.3.1:testResources (default-testResources) @ product-service ---
[INFO] skip non existing resourceDirectory C:\Users\We10\Documents\GitHub\Trace\Backoffice&Backend\product-service\src\test\resources
[INFO] 
[INFO] --- compiler:3.13.0:testCompile (default-testCompile) @ product-service ---
[INFO] No sources to compile
[INFO] 
[INFO] <<< spring-boot:3.4.0:run (default-cli) < test-compile @ product-service <<<
[INFO] 
[INFO] 
[INFO] --- spring-boot:3.4.0:run (default-cli) @ product-service ---
[INFO] Attaching agents: []

  .   ____          _            __ _ _
 /\\ / ___'_ __ _ _(_)_ __  __ _ \ \ \ \
( ( )\___ | '_ | '_| | '_ \/ _` | \ \ \ \
 \\/  ___)| |_)| | | | | || (_| |  ) ) ) )
  '  |____| .__|_| |_|_| |_\__, | / / / /
 =========|_|==============|___/=/_/_/_/

 :: Spring Boot ::                (v3.4.0)

2025-12-26 18:24:59 - Starting ProductApplication using Java 17.0.12 with PID 13060 (C:\Users\We10\Documents\GitHub\Trace\Backoffice&Backend\product-service\target\classes started by We10 in C:\Users\We10\Documents\GitHub\Trace\Backoffice&Backend\product-service)
2025-12-26 18:24:59 - No active profile set, falling back to 1 default profile: "default"
2025-12-26 18:25:00 - Bootstrapping Spring Data JPA repositories in DEFAULT mode.
2025-12-26 18:25:00 - Finished Spring Data repository scanning in 169 ms. Found 2 JPA repository interfaces.
2025-12-26 18:25:01 - BeanFactory id=73592938-23fd-38a7-ae2b-45e8def76826
2025-12-26 18:25:02 - Tomcat initialized with port 8082 (http)
2025-12-26 18:25:02 - Starting service [Tomcat]
2025-12-26 18:25:02 - Starting Servlet engine: [Apache Tomcat/10.1.33]
2025-12-26 18:25:02 - Initializing Spring embedded WebApplicationContext
2025-12-26 18:25:02 - Root WebApplicationContext: initialization completed in 2538 ms
2025-12-26 18:25:03 - HHH000204: Processing PersistenceUnitInfo [name: default]
2025-12-26 18:25:03 - HHH000412: Hibernate ORM core version 6.6.2.Final
2025-12-26 18:25:03 - HHH000026: Second-level cache disabled
2025-12-26 18:25:03 - No LoadTimeWeaver setup: ignoring JPA class transformer
2025-12-26 18:25:03 - HikariPool-1 - Starting...
2025-12-26 18:25:08 - HikariPool-1 - Added connection conn1: url=jdbc:h2:file:./data/product_db user=SA
2025-12-26 18:25:08 - HikariPool-1 - Start completed.
2025-12-26 18:25:08 - HHH10001005: Database info:
	Database JDBC URL [Connecting through datasource 'HikariDataSource (HikariPool-1)']
	Database driver: undefined/unknown
	Database version: 2.3.232
	Autocommit mode: undefined/unknown
	Isolation level: undefined/unknown
	Minimum pool size: undefined/unknown
	Maximum pool size: undefined/unknown
2025-12-26 18:25:10 - HHH000489: No JTA platform available (set 'hibernate.transaction.jta.platform' to enable JTA platform integration)
2025-12-26 18:25:10 - Initialized JPA EntityManagerFactory for persistence unit 'default'
2025-12-26 18:25:11 - spring.jpa.open-in-view is enabled by default. Therefore, database queries may be performed during view rendering. Explicitly configure spring.jpa.open-in-view to disable this warning
2025-12-26 18:25:12 - Eureka HTTP Client uses RestTemplate.
2025-12-26 18:25:12 - Spring Cloud LoadBalancer is currently working with the default cache. While this cache implementation is useful for development and tests, it's recommended to use Caffeine cache in production.You can switch to using Caffeine cache, by adding it and org.springframework.cache.caffeine.CaffeineCacheManager to the classpath.
2025-12-26 18:25:12 - Exposing 1 endpoint beneath base path '/actuator'
2025-12-26 18:25:12 - Setting initial instance status as: STARTING
2025-12-26 18:25:13 - Initializing Eureka in region us-east-1
2025-12-26 18:25:13 - Resolving eureka endpoints via configuration
2025-12-26 18:25:13 - Disable delta property : false
2025-12-26 18:25:13 - Single vip registry refresh property : null
2025-12-26 18:25:13 - Force full registry fetch : false
2025-12-26 18:25:13 - Application is null : false
2025-12-26 18:25:13 - Registered Applications size is zero : true
2025-12-26 18:25:13 - Application version is -1: true
2025-12-26 18:25:13 - Getting all instance registry info from the eureka server
2025-12-26 18:25:13 - The response status is 200
2025-12-26 18:25:13 - Starting heartbeat executor: renew interval is: 30
2025-12-26 18:25:13 - InstanceInfoReplicator onDemand update allowed rate per min is 4
2025-12-26 18:25:13 - Discovery Client initialized at timestamp 1766769913663 with initial instances count: 2
2025-12-26 18:25:13 - Registering application PRODUCT-SERVICE with eureka with status UP
2025-12-26 18:25:13 - Saw local status change event StatusChangeEvent [timestamp=1766769913680, current=UP, previous=STARTING]
2025-12-26 18:25:13 - DiscoveryClient_PRODUCT-SERVICE/DESKTOP-I9GMSBV:product-service:8082: registering service...
2025-12-26 18:25:13 - Tomcat started on port 8082 (http) with context path '/'
2025-12-26 18:25:13 - Updating port to 8082
2025-12-26 18:25:13 - DiscoveryClient_PRODUCT-SERVICE/DESKTOP-I9GMSBV:product-service:8082 - registration status: 204
2025-12-26 18:25:14 - Started ProductApplication in 14.932 seconds (process running for 15.44)
2025-12-26 18:25:48 - Initializing Spring DispatcherServlet 'dispatcherServlet'
2025-12-26 18:25:48 - Initializing Servlet 'dispatcherServlet'
2025-12-26 18:25:48 - Completed initialization in 4 ms
^C