2026-01-01 00:11:54 - Starting DiscoveryApplication using Java 17.0.12 with PID 14084 (C:\Users\We10\Documents\GitHub\TeenTracker\Backend\discovery-service\target\classes started by We10 in C:\Users\We10\Documents\GitHub\TeenTracker\Backend\discovery-service)
2026-01-01 00:11:54 - No active profile set, falling back to 1 default profile: "default"
2026-01-01 00:12:03 - BeanFactory id=556efc9f-7aaf-34b5-821b-2f482739c8b4
2026-01-01 00:12:05 - Tomcat initialized with port 8761 (http)
2026-01-01 00:12:05 - Starting service [Tomcat]
2026-01-01 00:12:05 - Starting Servlet engine: [Apache Tomcat/10.1.33]
2026-01-01 00:12:06 - Initializing Spring embedded WebApplicationContext
2026-01-01 00:12:06 - Root WebApplicationContext: initialization completed in 11100 ms
2026-01-01 00:12:14 - Using JSON encoding codec LegacyJacksonJson
2026-01-01 00:12:14 - Using JSON decoding codec LegacyJacksonJson
2026-01-01 00:12:15 - Using XML encoding codec XStreamXml
2026-01-01 00:12:15 - Using XML decoding codec XStreamXml
2026-01-01 00:12:23 - Spring Cloud LoadBalancer is currently working with the default cache. While this cache implementation is useful for development and tests, it's recommended to use Caffeine cache in production.You can switch to using Caffeine cache, by adding it and org.springframework.cache.caffeine.CaffeineCacheManager to the classpath.
2026-01-01 00:12:23 - Setting initial instance status as: STARTING
2026-01-01 00:12:23 - Initializing Eureka in region us-east-1
2026-01-01 00:12:23 - Client configured to neither register nor query for data.
2026-01-01 00:12:23 - Discovery Client initialized at timestamp 1767222743390 with initial instances count: 0
2026-01-01 00:12:23 - Initializing ...
2026-01-01 00:12:23 - The replica size seems to be empty. Check the route 53 DNS Registry
2026-01-01 00:12:23 - Finished initializing remote region registries. All known remote regions: []
2026-01-01 00:12:23 - Initialized
2026-01-01 00:12:23 - Exposing 1 endpoint beneath base path '/actuator'
2026-01-01 00:12:23 - Registering application UNKNOWN with eureka with status UP
2026-01-01 00:12:24 - Tomcat started on port 8761 (http) with context path '/'
2026-01-01 00:12:24 - isAws returned false
2026-01-01 00:12:24 - Updating port to 8761
2026-01-01 00:12:24 - Initialized server context
2026-01-01 00:12:24 - Got 1 instances from neighboring DS node
2026-01-01 00:12:24 - Renew threshold is: 1
2026-01-01 00:12:24 - Changing status to UP
2026-01-01 00:12:24 - Started Eureka Server
2026-01-01 00:12:25 - Started DiscoveryApplication in 36.929 seconds (process running for 40.474)
2026-01-01 00:12:25 - Service de découverte Eureka démarré avec succès
2026-01-01 00:12:25 - Initializing Spring DispatcherServlet 'dispatcherServlet'
2026-01-01 00:12:25 - Initializing Servlet 'dispatcherServlet'
2026-01-01 00:12:25 - Completed initialization in 3 ms
2026-01-01 00:12:27 - Registered instance GATEWAY-SERVICE/DESKTOP-I9GMSBV:gateway-service:8080 with status UP (replication=false)
2026-01-01 00:12:43 - Registered instance DASHBOARD-SERVICE/DESKTOP-I9GMSBV:dashboard-service:8083 with status UP (replication=false)
2026-01-01 00:12:58 - Registered instance USER-SERVICE/DESKTOP-I9GMSBV:user-service:8084 with status UP (replication=false)
2026-01-01 00:13:04 - Registered instance PRODUCT-SERVICE/DESKTOP-I9GMSBV:product-service:8082 with status UP (replication=false)
2026-01-01 00:13:06 - Registered instance ETABLISSEMENT-SERVICE/DESKTOP-I9GMSBV:etablissement-service:8081 with status UP (replication=false)
2026-01-01 00:13:24 - Running the evict task with compensationTime 0ms
2026-01-01 00:14:24 - Running the evict task with compensationTime 4ms
2026-01-01 00:15:24 - Running the evict task with compensationTime 0ms
2026-01-01 00:16:24 - Running the evict task with compensationTime 0ms
2026-01-01 00:16:41 - Registered instance ETABLISSEMENT-SERVICE/DESKTOP-I9GMSBV:etablissement-service:8081 with status DOWN (replication=false)
2026-01-01 00:16:45 - Cancelled instance ETABLISSEMENT-SERVICE/DESKTOP-I9GMSBV:etablissement-service:8081 (replication=false)
2026-01-01 00:17:15 - Registered instance USER-SERVICE/DESKTOP-I9GMSBV:user-service:8084 with status DOWN (replication=false)
2026-01-01 00:17:18 - Cancelled instance USER-SERVICE/DESKTOP-I9GMSBV:user-service:8084 (replication=false)
2026-01-01 00:17:24 - Running the evict task with compensationTime 9ms
2026-01-01 00:17:25 - Registered instance GATEWAY-SERVICE/DESKTOP-I9GMSBV:gateway-service:8080 with status DOWN (replication=false)
2026-01-01 00:17:36 - Registered instance ETABLISSEMENT-SERVICE/DESKTOP-I9GMSBV:etablissement-service:8081 with status UP (replication=false)
2026-01-01 00:17:53 - Registered instance USER-SERVICE/DESKTOP-I9GMSBV:user-service:8084 with status UP (replication=false)
2026-01-01 00:17:54 - Registered instance GATEWAY-SERVICE/DESKTOP-I9GMSBV:gateway-service:8080 with status UP (replication=false)
2026-01-01 00:18:24 - Running the evict task with compensationTime 0ms
2026-01-01 00:19:24 - Running the evict task with compensationTime 3ms
2026-01-01 00:20:24 - Running the evict task with compensationTime 14ms
2026-01-01 00:21:24 - Running the evict task with compensationTime 14ms
2026-01-01 00:22:23 - The replica size seems to be empty. Check the route 53 DNS Registry
2026-01-01 00:22:24 - Running the evict task with compensationTime 5ms
2026-01-01 00:23:24 - Running the evict task with compensationTime 8ms
2026-01-01 00:24:24 - Running the evict task with compensationTime 8ms
2026-01-01 00:25:24 - Running the evict task with compensationTime 15ms
2026-01-01 00:26:24 - Running the evict task with compensationTime 3ms
2026-01-01 00:27:23 - Current renewal threshold is : 10
2026-01-01 00:27:24 - Running the evict task with compensationTime 10ms
2026-01-01 00:27:28 - Registered instance ETABLISSEMENT-SERVICE/DESKTOP-I9GMSBV:etablissement-service:8081 with status DOWN (replication=false)
2026-01-01 00:27:32 - Cancelled instance ETABLISSEMENT-SERVICE/DESKTOP-I9GMSBV:etablissement-service:8081 (replication=false)
2026-01-01 00:27:41 - Registered instance USER-SERVICE/DESKTOP-I9GMSBV:user-service:8084 with status DOWN (replication=false)
2026-01-01 00:27:44 - Cancelled instance USER-SERVICE/DESKTOP-I9GMSBV:user-service:8084 (replication=false)
2026-01-01 00:27:49 - Registered instance GATEWAY-SERVICE/DESKTOP-I9GMSBV:gateway-service:8080 with status DOWN (replication=false)
2026-01-01 00:28:07 - Registered instance ETABLISSEMENT-SERVICE/DESKTOP-I9GMSBV:etablissement-service:8081 with status UP (replication=false)
2026-01-01 00:28:15 - Registered instance USER-SERVICE/DESKTOP-I9GMSBV:user-service:8084 with status UP (replication=false)
2026-01-01 00:28:18 - Registered instance GATEWAY-SERVICE/DESKTOP-I9GMSBV:gateway-service:8080 with status UP (replication=false)
2026-01-01 00:28:24 - Running the evict task with compensationTime 0ms
2026-01-01 00:29:24 - Running the evict task with compensationTime 8ms
2026-01-01 00:30:24 - Running the evict task with compensationTime 3ms
2026-01-01 00:31:24 - Running the evict task with compensationTime 0ms
2026-01-01 00:32:23 - The replica size seems to be empty. Check the route 53 DNS Registry
2026-01-01 00:32:24 - Running the evict task with compensationTime 14ms
2026-01-01 00:33:24 - Running the evict task with compensationTime 11ms
2026-01-01 00:34:24 - Running the evict task with compensationTime 2ms
2026-01-01 00:35:24 - Running the evict task with compensationTime 7ms
2026-01-01 00:36:24 - Running the evict task with compensationTime 0ms
2026-01-01 00:37:03 - Starting DiscoveryApplication using Java 17.0.12 with PID 23240 (C:\Users\We10\Documents\GitHub\TeenTracker\Backend\discovery-service\target\classes started by We10 in C:\Users\We10\Documents\GitHub\TeenTracker\Backend\discovery-service)
2026-01-01 00:37:03 - No active profile set, falling back to 1 default profile: "default"
2026-01-01 00:37:09 - BeanFactory id=556efc9f-7aaf-34b5-821b-2f482739c8b4
2026-01-01 00:37:11 - Tomcat initialized with port 8761 (http)
2026-01-01 00:37:11 - Starting service [Tomcat]
2026-01-01 00:37:11 - Starting Servlet engine: [Apache Tomcat/10.1.33]
2026-01-01 00:37:12 - Initializing Spring embedded WebApplicationContext
2026-01-01 00:37:12 - Root WebApplicationContext: initialization completed in 8959 ms
2026-01-01 00:37:20 - Using JSON encoding codec LegacyJacksonJson
2026-01-01 00:37:20 - Using JSON decoding codec LegacyJacksonJson
2026-01-01 00:37:21 - Using XML encoding codec XStreamXml
2026-01-01 00:37:21 - Using XML decoding codec XStreamXml
2026-01-01 00:37:29 - Spring Cloud LoadBalancer is currently working with the default cache. While this cache implementation is useful for development and tests, it's recommended to use Caffeine cache in production.You can switch to using Caffeine cache, by adding it and org.springframework.cache.caffeine.CaffeineCacheManager to the classpath.
2026-01-01 00:37:29 - Setting initial instance status as: STARTING
2026-01-01 00:37:29 - Initializing Eureka in region us-east-1
2026-01-01 00:37:29 - Client configured to neither register nor query for data.
2026-01-01 00:37:29 - Discovery Client initialized at timestamp 1767224249506 with initial instances count: 0
2026-01-01 00:37:29 - Initializing ...
2026-01-01 00:37:29 - The replica size seems to be empty. Check the route 53 DNS Registry
2026-01-01 00:37:29 - Finished initializing remote region registries. All known remote regions: []
2026-01-01 00:37:29 - Initialized
2026-01-01 00:37:30 - Exposing 1 endpoint beneath base path '/actuator'
2026-01-01 00:37:30 - Registering application UNKNOWN with eureka with status UP
2026-01-01 00:37:30 - isAws returned false
2026-01-01 00:37:30 - Initialized server context
2026-01-01 00:37:30 - Got 1 instances from neighboring DS node
2026-01-01 00:37:30 - Renew threshold is: 1
2026-01-01 00:37:30 - Changing status to UP
2026-01-01 00:37:30 - Started Eureka Server
2026-01-01 00:37:30 - Tomcat started on port 8761 (http) with context path '/'
2026-01-01 00:37:30 - Updating port to 8761
2026-01-01 00:37:31 - Started DiscoveryApplication in 30.718 seconds (process running for 32.512)
2026-01-01 00:37:32 - Service de découverte Eureka démarré avec succès
2026-01-01 00:37:47 - Initializing Spring DispatcherServlet 'dispatcherServlet'
2026-01-01 00:37:47 - Initializing Servlet 'dispatcherServlet'
2026-01-01 00:37:47 - Completed initialization in 6 ms
2026-01-01 00:37:49 - Registered instance GATEWAY-SERVICE/DESKTOP-I9GMSBV:gateway-service:8080 with status UP (replication=false)
2026-01-01 00:37:50 - Registered instance DASHBOARD-SERVICE/DESKTOP-I9GMSBV:dashboard-service:8083 with status UP (replication=false)
2026-01-01 00:38:10 - Registered instance USER-SERVICE/DESKTOP-I9GMSBV:user-service:8084 with status UP (replication=false)
2026-01-01 00:38:17 - Registered instance ETABLISSEMENT-SERVICE/DESKTOP-I9GMSBV:etablissement-service:8081 with status UP (replication=false)
2026-01-01 00:38:23 - Registered instance PRODUCT-SERVICE/DESKTOP-I9GMSBV:product-service:8082 with status UP (replication=false)
2026-01-01 00:38:30 - Running the evict task with compensationTime 0ms
2026-01-01 00:39:30 - Running the evict task with compensationTime 6ms
2026-01-01 00:46:55 - Starting DiscoveryApplication using Java 17.0.12 with PID 21416 (C:\Users\We10\Documents\GitHub\TeenTracker\Backend\discovery-service\target\classes started by We10 in C:\Users\We10\Documents\GitHub\TeenTracker\Backend\discovery-service)
2026-01-01 00:46:55 - No active profile set, falling back to 1 default profile: "default"
2026-01-01 00:46:58 - BeanFactory id=556efc9f-7aaf-34b5-821b-2f482739c8b4
2026-01-01 00:46:59 - Tomcat initialized with port 8761 (http)
2026-01-01 00:46:59 - Starting service [Tomcat]
2026-01-01 00:46:59 - Starting Servlet engine: [Apache Tomcat/10.1.33]
2026-01-01 00:46:59 - Initializing Spring embedded WebApplicationContext
2026-01-01 00:46:59 - Root WebApplicationContext: initialization completed in 4153 ms
2026-01-01 00:47:03 - Using JSON encoding codec LegacyJacksonJson
2026-01-01 00:47:03 - Using JSON decoding codec LegacyJacksonJson
2026-01-01 00:47:04 - Using XML encoding codec XStreamXml
2026-01-01 00:47:04 - Using XML decoding codec XStreamXml
2026-01-01 00:47:08 - Spring Cloud LoadBalancer is currently working with the default cache. While this cache implementation is useful for development and tests, it's recommended to use Caffeine cache in production.You can switch to using Caffeine cache, by adding it and org.springframework.cache.caffeine.CaffeineCacheManager to the classpath.
2026-01-01 00:47:08 - Setting initial instance status as: STARTING
2026-01-01 00:47:08 - Initializing Eureka in region us-east-1
2026-01-01 00:47:08 - Client configured to neither register nor query for data.
2026-01-01 00:47:08 - Discovery Client initialized at timestamp 1767224828630 with initial instances count: 0
2026-01-01 00:47:08 - Initializing ...
2026-01-01 00:47:08 - The replica size seems to be empty. Check the route 53 DNS Registry
2026-01-01 00:47:08 - Finished initializing remote region registries. All known remote regions: []
2026-01-01 00:47:08 - Initialized
2026-01-01 00:47:08 - Exposing 1 endpoint beneath base path '/actuator'
2026-01-01 00:47:09 - Registering application UNKNOWN with eureka with status UP
2026-01-01 00:47:09 - isAws returned false
2026-01-01 00:47:09 - Initialized server context
2026-01-01 00:47:09 - Got 1 instances from neighboring DS node
2026-01-01 00:47:09 - Renew threshold is: 1
2026-01-01 00:47:09 - Changing status to UP
2026-01-01 00:47:09 - Started Eureka Server
2026-01-01 00:47:09 - Tomcat started on port 8761 (http) with context path '/'
2026-01-01 00:47:09 - Updating port to 8761
2026-01-01 00:47:09 - Started DiscoveryApplication in 15.794 seconds (process running for 17.131)
2026-01-01 00:47:10 - Service de découverte Eureka démarré avec succès
2026-01-01 00:47:32 - Initializing Spring DispatcherServlet 'dispatcherServlet'
2026-01-01 00:47:32 - Initializing Servlet 'dispatcherServlet'
2026-01-01 00:47:32 - Completed initialization in 16 ms
2026-01-01 00:47:34 - Registered instance GATEWAY-SERVICE/DESKTOP-I9GMSBV:gateway-service:8080 with status UP (replication=false)
2026-01-01 00:47:45 - Registered instance DASHBOARD-SERVICE/DESKTOP-I9GMSBV:dashboard-service:8083 with status UP (replication=false)
2026-01-01 00:48:07 - Registered instance ETABLISSEMENT-SERVICE/DESKTOP-I9GMSBV:etablissement-service:8081 with status UP (replication=false)
2026-01-01 00:48:08 - Registered instance USER-SERVICE/DESKTOP-I9GMSBV:user-service:8084 with status UP (replication=false)
2026-01-01 00:48:09 - Running the evict task with compensationTime 0ms
2026-01-01 00:48:10 - Registered instance PRODUCT-SERVICE/DESKTOP-I9GMSBV:product-service:8082 with status UP (replication=false)
2026-01-01 00:49:09 - Running the evict task with compensationTime 13ms
2026-01-01 00:50:09 - Running the evict task with compensationTime 2ms
2026-01-01 00:51:09 - Running the evict task with compensationTime 1ms
2026-01-01 00:52:09 - Running the evict task with compensationTime 7ms
2026-01-01 00:53:09 - Running the evict task with compensationTime 2ms
2026-01-01 00:59:25 - Starting DiscoveryApplication using Java 17.0.12 with PID 1596 (C:\Users\We10\Documents\GitHub\TeenTracker\Backend\discovery-service\target\classes started by We10 in C:\Users\We10\Documents\GitHub\TeenTracker\Backend\discovery-service)
2026-01-01 00:59:25 - No active profile set, falling back to 1 default profile: "default"
2026-01-01 00:59:29 - BeanFactory id=556efc9f-7aaf-34b5-821b-2f482739c8b4
2026-01-01 00:59:31 - Tomcat initialized with port 8761 (http)
2026-01-01 00:59:31 - Starting service [Tomcat]
2026-01-01 00:59:31 - Starting Servlet engine: [Apache Tomcat/10.1.33]
2026-01-01 00:59:31 - Initializing Spring embedded WebApplicationContext
2026-01-01 00:59:31 - Root WebApplicationContext: initialization completed in 5849 ms
2026-01-01 00:59:36 - Using JSON encoding codec LegacyJacksonJson
2026-01-01 00:59:36 - Using JSON decoding codec LegacyJacksonJson
2026-01-01 00:59:36 - Using XML encoding codec XStreamXml
2026-01-01 00:59:36 - Using XML decoding codec XStreamXml
2026-01-01 00:59:44 - Spring Cloud LoadBalancer is currently working with the default cache. While this cache implementation is useful for development and tests, it's recommended to use Caffeine cache in production.You can switch to using Caffeine cache, by adding it and org.springframework.cache.caffeine.CaffeineCacheManager to the classpath.
2026-01-01 00:59:44 - Setting initial instance status as: STARTING
2026-01-01 00:59:45 - Initializing Eureka in region us-east-1
2026-01-01 00:59:45 - Client configured to neither register nor query for data.
2026-01-01 00:59:45 - Discovery Client initialized at timestamp 1767225585216 with initial instances count: 0
2026-01-01 00:59:45 - Initializing ...
2026-01-01 00:59:45 - The replica size seems to be empty. Check the route 53 DNS Registry
2026-01-01 00:59:46 - Finished initializing remote region registries. All known remote regions: []
2026-01-01 00:59:46 - Initialized
2026-01-01 00:59:46 - Exposing 1 endpoint beneath base path '/actuator'
2026-01-01 00:59:46 - Registering application UNKNOWN with eureka with status UP
2026-01-01 00:59:46 - isAws returned false
2026-01-01 00:59:46 - Initialized server context
2026-01-01 00:59:46 - Got 1 instances from neighboring DS node
2026-01-01 00:59:46 - Renew threshold is: 1
2026-01-01 00:59:46 - Changing status to UP
2026-01-01 00:59:46 - Started Eureka Server
2026-01-01 00:59:46 - Tomcat started on port 8761 (http) with context path '/'
2026-01-01 00:59:46 - Updating port to 8761
2026-01-01 00:59:47 - Started DiscoveryApplication in 23.477 seconds (process running for 25.269)
2026-01-01 00:59:47 - Service de découverte Eureka démarré avec succès
2026-01-01 01:00:05 - Initializing Spring DispatcherServlet 'dispatcherServlet'
2026-01-01 01:00:05 - Initializing Servlet 'dispatcherServlet'
2026-01-01 01:00:05 - Completed initialization in 5 ms
2026-01-01 01:00:06 - Registered instance GATEWAY-SERVICE/DESKTOP-I9GMSBV:gateway-service:8080 with status UP (replication=false)
2026-01-01 01:00:12 - Registered instance DASHBOARD-SERVICE/DESKTOP-I9GMSBV:dashboard-service:8083 with status UP (replication=false)
2026-01-01 01:00:32 - Registered instance USER-SERVICE/DESKTOP-I9GMSBV:user-service:8084 with status UP (replication=false)
2026-01-01 01:00:37 - Registered instance ETABLISSEMENT-SERVICE/DESKTOP-I9GMSBV:etablissement-service:8081 with status UP (replication=false)
2026-01-01 01:00:41 - Registered instance PRODUCT-SERVICE/DESKTOP-I9GMSBV:product-service:8082 with status UP (replication=false)
2026-01-01 01:00:46 - Running the evict task with compensationTime 0ms
2026-01-01 01:01:46 - Running the evict task with compensationTime 3ms
2026-01-01 01:02:46 - Running the evict task with compensationTime 4ms
2026-01-01 01:03:46 - Running the evict task with compensationTime 12ms
2026-01-01 01:04:46 - Running the evict task with compensationTime 6ms
2026-01-01 01:05:46 - Running the evict task with compensationTime 11ms
2026-01-01 01:06:46 - Running the evict task with compensationTime 14ms
2026-01-01 01:07:46 - Running the evict task with compensationTime 12ms
2026-01-01 01:08:46 - Running the evict task with compensationTime 5ms
2026-01-01 01:09:45 - The replica size seems to be empty. Check the route 53 DNS Registry
2026-01-01 01:09:46 - Running the evict task with compensationTime 15ms
2026-01-01 01:10:46 - Running the evict task with compensationTime 6ms
2026-01-01 01:11:46 - Running the evict task with compensationTime 14ms
2026-01-01 01:12:46 - Running the evict task with compensationTime 16ms
2026-01-01 01:13:46 - Running the evict task with compensationTime 10ms
2026-01-01 01:14:46 - Current renewal threshold is : 10
2026-01-01 01:14:46 - Running the evict task with compensationTime 8ms
2026-01-01 01:15:46 - Running the evict task with compensationTime 12ms
2026-01-01 17:44:28 - Running the evict task with compensationTime 59266031ms
2026-01-01 17:45:28 - Running the evict task with compensationTime 26ms
2026-01-01 17:46:28 - Running the evict task with compensationTime 9ms
2026-01-01 17:47:12 - Registered instance GATEWAY-SERVICE/DESKTOP-I9GMSBV:gateway-service:8080 with status DOWN (replication=false)
2026-01-01 17:47:17 - Cancelled instance GATEWAY-SERVICE/DESKTOP-I9GMSBV:gateway-service:8080 (replication=false)
2026-01-01 17:47:27 - The replica size seems to be empty. Check the route 53 DNS Registry
2026-01-01 17:47:28 - Running the evict task with compensationTime 12ms
2026-01-01 17:47:38 - Registered instance USER-SERVICE/DESKTOP-I9GMSBV:user-service:8084 with status DOWN (replication=false)
2026-01-01 17:47:42 - Cancelled instance USER-SERVICE/DESKTOP-I9GMSBV:user-service:8084 (replication=false)
2026-01-01 17:47:56 - Registered instance GATEWAY-SERVICE/DESKTOP-I9GMSBV:gateway-service:8080 with status UP (replication=false)
2026-01-01 17:48:22 - Registered instance USER-SERVICE/DESKTOP-I9GMSBV:user-service:8084 with status UP (replication=false)
2026-01-01 17:48:28 - Running the evict task with compensationTime 9ms
2026-01-01 17:49:28 - Running the evict task with compensationTime 3ms
2026-01-01 17:51:18 - Running the evict task with compensationTime 55812ms
2026-01-01 17:52:18 - Running the evict task with compensationTime 3ms
2026-01-01 17:53:18 - Running the evict task with compensationTime 13ms
2026-01-01 17:54:18 - Running the evict task with compensationTime 0ms
2026-01-01 17:55:18 - Running the evict task with compensationTime 11ms
2026-01-01 17:56:18 - Running the evict task with compensationTime 5ms
2026-01-01 17:57:08 - Registered instance GATEWAY-SERVICE/DESKTOP-I9GMSBV:gateway-service:8080 with status DOWN (replication=false)
2026-01-01 17:57:13 - Cancelled instance GATEWAY-SERVICE/DESKTOP-I9GMSBV:gateway-service:8080 (replication=false)
2026-01-01 17:57:18 - Running the evict task with compensationTime 9ms
2026-01-01 17:57:31 - Registered instance GATEWAY-SERVICE/DESKTOP-I9GMSBV:gateway-service:8080 with status UP (replication=false)
2026-01-01 17:57:33 - Registered instance USER-SERVICE/DESKTOP-I9GMSBV:user-service:8084 with status DOWN (replication=false)
2026-01-01 17:57:36 - Cancelled instance USER-SERVICE/DESKTOP-I9GMSBV:user-service:8084 (replication=false)
2026-01-01 17:57:43 - Registered instance ETABLISSEMENT-SERVICE/DESKTOP-I9GMSBV:etablissement-service:8081 with status DOWN (replication=false)
2026-01-01 17:57:47 - Cancelled instance ETABLISSEMENT-SERVICE/DESKTOP-I9GMSBV:etablissement-service:8081 (replication=false)
2026-01-01 17:57:54 - Registered instance USER-SERVICE/DESKTOP-I9GMSBV:user-service:8084 with status UP (replication=false)
2026-01-01 17:58:05 - Registered instance ETABLISSEMENT-SERVICE/DESKTOP-I9GMSBV:etablissement-service:8081 with status UP (replication=false)
2026-01-01 17:58:17 - The replica size seems to be empty. Check the route 53 DNS Registry
2026-01-01 17:58:17 - Current renewal threshold is : 10
2026-01-01 17:58:18 - Running the evict task with compensationTime 1ms
2026-01-01 17:59:18 - Running the evict task with compensationTime 6ms
2026-01-01 18:00:17 - Starting DiscoveryApplication using Java 17.0.12 with PID 11804 (C:\Users\We10\Documents\GitHub\TeenTracker\Backend\discovery-service\target\classes started by We10 in C:\Users\We10\Documents\GitHub\TeenTracker\Backend\discovery-service)
2026-01-01 18:00:17 - No active profile set, falling back to 1 default profile: "default"
2026-01-01 18:00:18 - BeanFactory id=556efc9f-7aaf-34b5-821b-2f482739c8b4
2026-01-01 18:00:18 - Tomcat initialized with port 8761 (http)
2026-01-01 18:00:18 - Starting service [Tomcat]
2026-01-01 18:00:18 - Starting Servlet engine: [Apache Tomcat/10.1.33]
2026-01-01 18:00:18 - Initializing Spring embedded WebApplicationContext
2026-01-01 18:00:18 - Root WebApplicationContext: initialization completed in 1394 ms
2026-01-01 18:00:19 - Using JSON encoding codec LegacyJacksonJson
2026-01-01 18:00:19 - Using JSON decoding codec LegacyJacksonJson
2026-01-01 18:00:19 - Using XML encoding codec XStreamXml
2026-01-01 18:00:19 - Using XML decoding codec XStreamXml
2026-01-01 18:00:20 - Spring Cloud LoadBalancer is currently working with the default cache. While this cache implementation is useful for development and tests, it's recommended to use Caffeine cache in production.You can switch to using Caffeine cache, by adding it and org.springframework.cache.caffeine.CaffeineCacheManager to the classpath.
2026-01-01 18:00:20 - Setting initial instance status as: STARTING
2026-01-01 18:00:20 - Initializing Eureka in region us-east-1
2026-01-01 18:00:20 - Client configured to neither register nor query for data.
2026-01-01 18:00:20 - Discovery Client initialized at timestamp 1767286820924 with initial instances count: 0
2026-01-01 18:00:20 - Initializing ...
2026-01-01 18:00:20 - The replica size seems to be empty. Check the route 53 DNS Registry
2026-01-01 18:00:20 - Finished initializing remote region registries. All known remote regions: []
2026-01-01 18:00:20 - Initialized
2026-01-01 18:00:21 - Exposing 1 endpoint beneath base path '/actuator'
2026-01-01 18:00:21 - Registering application UNKNOWN with eureka with status UP
2026-01-01 18:00:21 - isAws returned false
2026-01-01 18:00:21 - Initialized server context
2026-01-01 18:00:21 - Got 1 instances from neighboring DS node
2026-01-01 18:00:21 - Renew threshold is: 1
2026-01-01 18:00:21 - Changing status to UP
2026-01-01 18:00:21 - Started Eureka Server
2026-01-01 18:00:21 - Tomcat started on port 8761 (http) with context path '/'
2026-01-01 18:00:21 - Updating port to 8761
2026-01-01 18:00:21 - Started DiscoveryApplication in 4.542 seconds (process running for 5.094)
2026-01-01 18:00:21 - Service de découverte Eureka démarré avec succès
2026-01-01 18:00:30 - Initializing Spring DispatcherServlet 'dispatcherServlet'
2026-01-01 18:00:30 - Initializing Servlet 'dispatcherServlet'
2026-01-01 18:00:30 - Completed initialization in 2 ms
2026-01-01 18:00:31 - Registered instance GATEWAY-SERVICE/DESKTOP-I9GMSBV:gateway-service:8080 with status UP (replication=false)
2026-01-01 18:00:47 - Registered instance DASHBOARD-SERVICE/DESKTOP-I9GMSBV:dashboard-service:8083 with status UP (replication=false)
2026-01-01 18:01:06 - Registered instance USER-SERVICE/DESKTOP-I9GMSBV:user-service:8084 with status UP (replication=false)
2026-01-01 18:01:13 - Registered instance ETABLISSEMENT-SERVICE/DESKTOP-I9GMSBV:etablissement-service:8081 with status UP (replication=false)
2026-01-01 18:01:15 - Registered instance PRODUCT-SERVICE/DESKTOP-I9GMSBV:product-service:8082 with status UP (replication=false)
2026-01-01 18:01:21 - Running the evict task with compensationTime 0ms
2026-01-01 18:02:21 - Running the evict task with compensationTime 5ms
2026-01-01 18:03:21 - Running the evict task with compensationTime 7ms
2026-01-01 18:04:21 - Running the evict task with compensationTime 4ms
2026-01-01 18:05:21 - Running the evict task with compensationTime 2ms
2026-01-01 18:05:45 - Registered instance USER-SERVICE/DESKTOP-I9GMSBV:user-service:8084 with status DOWN (replication=false)
2026-01-01 18:05:49 - Cancelled instance USER-SERVICE/DESKTOP-I9GMSBV:user-service:8084 (replication=false)
2026-01-01 18:06:09 - Registered instance USER-SERVICE/DESKTOP-I9GMSBV:user-service:8084 with status UP (replication=false)
2026-01-01 18:06:21 - Running the evict task with compensationTime 1ms
2026-01-01 18:07:15 - Starting DiscoveryApplication using Java 17.0.12 with PID 16744 (C:\Users\We10\Documents\GitHub\TeenTracker\Backend\discovery-service\target\classes started by We10 in C:\Users\We10\Documents\GitHub\TeenTracker\Backend\discovery-service)
2026-01-01 18:07:15 - No active profile set, falling back to 1 default profile: "default"
2026-01-01 18:07:18 - BeanFactory id=556efc9f-7aaf-34b5-821b-2f482739c8b4
2026-01-01 18:07:20 - Tomcat initialized with port 8761 (http)
2026-01-01 18:07:20 - Starting service [Tomcat]
2026-01-01 18:07:20 - Starting Servlet engine: [Apache Tomcat/10.1.33]
2026-01-01 18:07:20 - Initializing Spring embedded WebApplicationContext
2026-01-01 18:07:20 - Root WebApplicationContext: initialization completed in 4576 ms
2026-01-01 18:07:24 - Using JSON encoding codec LegacyJacksonJson
2026-01-01 18:07:24 - Using JSON decoding codec LegacyJacksonJson
2026-01-01 18:07:24 - Using XML encoding codec XStreamXml
2026-01-01 18:07:24 - Using XML decoding codec XStreamXml
2026-01-01 18:07:29 - Spring Cloud LoadBalancer is currently working with the default cache. While this cache implementation is useful for development and tests, it's recommended to use Caffeine cache in production.You can switch to using Caffeine cache, by adding it and org.springframework.cache.caffeine.CaffeineCacheManager to the classpath.
2026-01-01 18:07:29 - Setting initial instance status as: STARTING
2026-01-01 18:07:29 - Initializing Eureka in region us-east-1
2026-01-01 18:07:29 - Client configured to neither register nor query for data.
2026-01-01 18:07:29 - Discovery Client initialized at timestamp 1767287249876 with initial instances count: 0
2026-01-01 18:07:30 - Initializing ...
2026-01-01 18:07:30 - The replica size seems to be empty. Check the route 53 DNS Registry
2026-01-01 18:07:30 - Finished initializing remote region registries. All known remote regions: []
2026-01-01 18:07:30 - Initialized
2026-01-01 18:07:30 - Exposing 1 endpoint beneath base path '/actuator'
2026-01-01 18:07:30 - Registering application UNKNOWN with eureka with status UP
2026-01-01 18:07:30 - isAws returned false
2026-01-01 18:07:30 - Initialized server context
2026-01-01 18:07:30 - Got 1 instances from neighboring DS node
2026-01-01 18:07:30 - Renew threshold is: 1
2026-01-01 18:07:30 - Changing status to UP
2026-01-01 18:07:30 - Started Eureka Server
2026-01-01 18:07:30 - Tomcat started on port 8761 (http) with context path '/'
2026-01-01 18:07:30 - Updating port to 8761
2026-01-01 18:07:31 - Started DiscoveryApplication in 17.026 seconds (process running for 18.103)
2026-01-01 18:07:31 - Service de découverte Eureka démarré avec succès
2026-01-01 18:07:33 - Initializing Spring DispatcherServlet 'dispatcherServlet'
2026-01-01 18:07:33 - Initializing Servlet 'dispatcherServlet'
2026-01-01 18:07:33 - Completed initialization in 4 ms
2026-01-01 18:07:34 - Registered instance GATEWAY-SERVICE/DESKTOP-I9GMSBV:gateway-service:8080 with status UP (replication=false)
2026-01-01 18:07:46 - Registered instance DASHBOARD-SERVICE/DESKTOP-I9GMSBV:dashboard-service:8083 with status UP (replication=false)
2026-01-01 18:08:01 - Registered instance USER-SERVICE/DESKTOP-I9GMSBV:user-service:8084 with status UP (replication=false)
2026-01-01 18:08:06 - Registered instance ETABLISSEMENT-SERVICE/DESKTOP-I9GMSBV:etablissement-service:8081 with status UP (replication=false)
2026-01-01 18:08:09 - Registered instance PRODUCT-SERVICE/DESKTOP-I9GMSBV:product-service:8082 with status UP (replication=false)
2026-01-01 18:08:30 - Running the evict task with compensationTime 0ms
2026-01-01 18:09:30 - Running the evict task with compensationTime 14ms
2026-01-01 18:10:30 - Running the evict task with compensationTime 8ms
2026-01-01 18:11:30 - Running the evict task with compensationTime 11ms
2026-01-01 18:12:15 - Registered instance USER-SERVICE/DESKTOP-I9GMSBV:user-service:8084 with status DOWN (replication=false)
2026-01-01 18:12:18 - Cancelled instance USER-SERVICE/DESKTOP-I9GMSBV:user-service:8084 (replication=false)
2026-01-01 18:12:30 - Running the evict task with compensationTime 4ms
2026-01-01 18:13:18 - Registered instance USER-SERVICE/DESKTOP-I9GMSBV:user-service:8084 with status UP (replication=false)
2026-01-01 18:13:23 - Registered instance GATEWAY-SERVICE/DESKTOP-I9GMSBV:gateway-service:8080 with status DOWN (replication=false)
2026-01-01 18:13:28 - Cancelled instance GATEWAY-SERVICE/DESKTOP-I9GMSBV:gateway-service:8080 (replication=false)
2026-01-01 18:13:30 - Running the evict task with compensationTime 3ms
2026-01-01 18:13:58 - Registered instance GATEWAY-SERVICE/DESKTOP-I9GMSBV:gateway-service:8080 with status UP (replication=false)
2026-01-01 18:14:30 - Running the evict task with compensationTime 6ms
2026-01-01 18:14:35 - Registered instance PRODUCT-SERVICE/DESKTOP-I9GMSBV:product-service:8082 with status DOWN (replication=false)
2026-01-01 18:14:38 - Cancelled instance PRODUCT-SERVICE/DESKTOP-I9GMSBV:product-service:8082 (replication=false)
2026-01-01 18:14:46 - Registered instance USER-SERVICE/DESKTOP-I9GMSBV:user-service:8084 with status DOWN (replication=false)
2026-01-01 18:14:49 - Cancelled instance USER-SERVICE/DESKTOP-I9GMSBV:user-service:8084 (replication=false)
2026-01-01 18:15:21 - Registered instance PRODUCT-SERVICE/DESKTOP-I9GMSBV:product-service:8082 with status UP (replication=false)
2026-01-01 18:15:30 - Running the evict task with compensationTime 5ms
2026-01-01 18:16:30 - Running the evict task with compensationTime 11ms
2026-01-01 18:17:30 - The replica size seems to be empty. Check the route 53 DNS Registry
2026-01-01 18:17:30 - Running the evict task with compensationTime 15ms
2026-01-01 18:18:16 - Registered instance USER-SERVICE/DESKTOP-I9GMSBV:user-service:8084 with status UP (replication=false)
2026-01-01 18:18:30 - Running the evict task with compensationTime 1ms
2026-01-01 18:19:30 - Running the evict task with compensationTime 5ms
2026-01-01 18:20:30 - Running the evict task with compensationTime 13ms
2026-01-01 18:21:30 - Running the evict task with compensationTime 8ms
2026-01-01 18:22:30 - Current renewal threshold is : 10
2026-01-01 18:22:30 - Running the evict task with compensationTime 8ms
2026-01-01 18:23:30 - Running the evict task with compensationTime 12ms
2026-01-01 18:24:30 - Running the evict task with compensationTime 1ms
2026-01-01 18:25:30 - Running the evict task with compensationTime 12ms
2026-01-01 18:26:30 - Running the evict task with compensationTime 2ms
2026-01-01 18:26:37 - Registered instance USER-SERVICE/DESKTOP-I9GMSBV:user-service:8084 with status UP (replication=false)
2026-01-01 18:27:30 - The replica size seems to be empty. Check the route 53 DNS Registry
2026-01-01 18:27:30 - Running the evict task with compensationTime 0ms
2026-01-01 18:28:30 - Running the evict task with compensationTime 14ms
2026-01-01 18:29:30 - Running the evict task with compensationTime 13ms
2026-01-01 18:30:30 - Running the evict task with compensationTime 37ms
2026-01-01 18:31:30 - Running the evict task with compensationTime 14ms
2026-01-01 18:32:30 - Running the evict task with compensationTime 8ms
2026-01-01 18:33:30 - Running the evict task with compensationTime 5ms
2026-01-01 18:34:22 - Registered instance USER-SERVICE/DESKTOP-I9GMSBV:user-service:8084 with status UP (replication=false)
2026-01-01 18:34:30 - Running the evict task with compensationTime 7ms
2026-01-01 18:35:30 - Running the evict task with compensationTime 12ms
2026-01-01 18:36:30 - Registered instance USER-SERVICE/DESKTOP-I9GMSBV:user-service:8084 with status DOWN (replication=false)
2026-01-01 18:36:30 - Running the evict task with compensationTime 4ms
2026-01-01 18:36:33 - Cancelled instance USER-SERVICE/DESKTOP-I9GMSBV:user-service:8084 (replication=false)
2026-01-01 18:37:03 - Registered instance USER-SERVICE/DESKTOP-I9GMSBV:user-service:8084 with status UP (replication=false)
2026-01-01 18:37:30 - Current renewal threshold is : 10
2026-01-01 18:37:30 - The replica size seems to be empty. Check the route 53 DNS Registry
2026-01-01 18:37:30 - Running the evict task with compensationTime 9ms
2026-01-01 18:38:30 - Running the evict task with compensationTime 3ms
2026-01-01 18:39:30 - Running the evict task with compensationTime 19ms
2026-01-01 18:40:30 - Running the evict task with compensationTime 14ms
2026-01-01 18:40:46 - Registered instance PRODUCT-SERVICE/DESKTOP-I9GMSBV:product-service:8082 with status DOWN (replication=false)
2026-01-01 18:40:49 - Cancelled instance PRODUCT-SERVICE/DESKTOP-I9GMSBV:product-service:8082 (replication=false)
2026-01-01 18:41:01 - Registered instance USER-SERVICE/DESKTOP-I9GMSBV:user-service:8084 with status DOWN (replication=false)
2026-01-01 18:41:04 - Cancelled instance USER-SERVICE/DESKTOP-I9GMSBV:user-service:8084 (replication=false)
2026-01-01 18:41:21 - Registered instance PRODUCT-SERVICE/DESKTOP-I9GMSBV:product-service:8082 with status UP (replication=false)
2026-01-01 18:41:30 - Running the evict task with compensationTime 7ms
2026-01-01 18:41:42 - Registered instance USER-SERVICE/DESKTOP-I9GMSBV:user-service:8084 with status UP (replication=false)
2026-01-01 18:42:30 - Running the evict task with compensationTime 10ms
2026-01-01 18:43:30 - Running the evict task with compensationTime 11ms
2026-01-01 18:44:30 - Running the evict task with compensationTime 14ms
2026-01-01 18:44:32 - Registered instance USER-SERVICE/DESKTOP-I9GMSBV:user-service:8084 with status DOWN (replication=false)
2026-01-01 18:44:35 - Cancelled instance USER-SERVICE/DESKTOP-I9GMSBV:user-service:8084 (replication=false)
2026-01-01 18:44:59 - Registered instance USER-SERVICE/DESKTOP-I9GMSBV:user-service:8084 with status UP (replication=false)
2026-01-01 18:45:30 - Running the evict task with compensationTime 7ms
2026-01-01 18:46:30 - Running the evict task with compensationTime 7ms
2026-01-01 18:47:30 - The replica size seems to be empty. Check the route 53 DNS Registry
2026-01-01 18:47:30 - Running the evict task with compensationTime 5ms
2026-01-01 18:48:06 - Registered instance USER-SERVICE/DESKTOP-I9GMSBV:user-service:8084 with status DOWN (replication=false)
2026-01-01 18:48:10 - Cancelled instance USER-SERVICE/DESKTOP-I9GMSBV:user-service:8084 (replication=false)
2026-01-01 18:48:30 - Running the evict task with compensationTime 10ms
2026-01-01 18:48:34 - Registered instance USER-SERVICE/DESKTOP-I9GMSBV:user-service:8084 with status UP (replication=false)
2026-01-01 18:49:30 - Running the evict task with compensationTime 9ms
2026-01-01 18:50:30 - Running the evict task with compensationTime 11ms
2026-01-01 18:51:30 - Running the evict task with compensationTime 13ms
2026-01-01 18:52:30 - Current renewal threshold is : 10
2026-01-01 18:52:30 - Running the evict task with compensationTime 4ms
2026-01-01 18:54:14 - Starting DiscoveryApplication using Java 17.0.12 with PID 13400 (C:\Users\We10\Documents\GitHub\TeenTracker\Backend\discovery-service\target\classes started by We10 in C:\Users\We10\Documents\GitHub\TeenTracker\Backend\discovery-service)
2026-01-01 18:54:14 - No active profile set, falling back to 1 default profile: "default"
2026-01-01 18:54:15 - BeanFactory id=556efc9f-7aaf-34b5-821b-2f482739c8b4
2026-01-01 18:54:16 - Tomcat initialized with port 8761 (http)
2026-01-01 18:54:16 - Starting service [Tomcat]
2026-01-01 18:54:16 - Starting Servlet engine: [Apache Tomcat/10.1.33]
2026-01-01 18:54:16 - Initializing Spring embedded WebApplicationContext
2026-01-01 18:54:16 - Root WebApplicationContext: initialization completed in 2199 ms
2026-01-01 18:54:17 - Using JSON encoding codec LegacyJacksonJson
2026-01-01 18:54:17 - Using JSON decoding codec LegacyJacksonJson
2026-01-01 18:54:17 - Using XML encoding codec XStreamXml
2026-01-01 18:54:17 - Using XML decoding codec XStreamXml
2026-01-01 18:54:19 - Spring Cloud LoadBalancer is currently working with the default cache. While this cache implementation is useful for development and tests, it's recommended to use Caffeine cache in production.You can switch to using Caffeine cache, by adding it and org.springframework.cache.caffeine.CaffeineCacheManager to the classpath.
2026-01-01 18:54:19 - Setting initial instance status as: STARTING
2026-01-01 18:54:19 - Initializing Eureka in region us-east-1
2026-01-01 18:54:19 - Client configured to neither register nor query for data.
2026-01-01 18:54:19 - Discovery Client initialized at timestamp 1767290059590 with initial instances count: 0
2026-01-01 18:54:19 - Initializing ...
2026-01-01 18:54:19 - The replica size seems to be empty. Check the route 53 DNS Registry
2026-01-01 18:54:19 - Finished initializing remote region registries. All known remote regions: []
2026-01-01 18:54:19 - Initialized
2026-01-01 18:54:19 - Exposing 1 endpoint beneath base path '/actuator'
2026-01-01 18:54:19 - Registering application UNKNOWN with eureka with status UP
2026-01-01 18:54:19 - isAws returned false
2026-01-01 18:54:19 - Initialized server context
2026-01-01 18:54:19 - Got 1 instances from neighboring DS node
2026-01-01 18:54:19 - Renew threshold is: 1
2026-01-01 18:54:19 - Changing status to UP
2026-01-01 18:54:19 - Started Eureka Server
2026-01-01 18:54:19 - Tomcat started on port 8761 (http) with context path '/'
2026-01-01 18:54:19 - Updating port to 8761
2026-01-01 18:54:20 - Started DiscoveryApplication in 6.772 seconds (process running for 7.358)
2026-01-01 18:54:20 - Service de découverte Eureka démarré avec succès
2026-01-01 18:54:21 - Initializing Spring DispatcherServlet 'dispatcherServlet'
2026-01-01 18:54:21 - Initializing Servlet 'dispatcherServlet'
2026-01-01 18:54:21 - Completed initialization in 0 ms
2026-01-01 18:54:21 - DS: Registry: lease doesn't exist, registering resource: PRODUCT-SERVICE - DESKTOP-I9GMSBV:product-service:8082
2026-01-01 18:54:21 - Not Found (Renew): PRODUCT-SERVICE - DESKTOP-I9GMSBV:product-service:8082
2026-01-01 18:54:21 - Registered instance PRODUCT-SERVICE/DESKTOP-I9GMSBV:product-service:8082 with status UP (replication=false)
2026-01-01 18:54:21 - Registered instance PRODUCT-SERVICE/DESKTOP-I9GMSBV:product-service:8082 with status UP (replication=false)
2026-01-01 18:54:22 - Registered instance GATEWAY-SERVICE/DESKTOP-I9GMSBV:gateway-service:8080 with status UP (replication=false)
2026-01-01 18:54:26 - Unregistering application UNKNOWN with eureka with status DOWN
2026-01-01 18:54:26 - Commencing graceful shutdown. Waiting for active requests to complete
2026-01-01 18:54:26 - Graceful shutdown complete
2026-01-01 18:54:26 - Shutting down Eureka Server..
2026-01-01 18:54:26 - Shutting down ...
2026-01-01 18:54:26 - Shut down
2026-01-01 18:54:26 - Eureka Service is now shutdown...
2026-01-01 18:54:26 - Shutting down ...
2026-01-01 18:54:26 - Shut down
2026-01-01 18:54:26 - Shutting down DiscoveryClient ...
2026-01-01 18:54:26 - Completed shut down of DiscoveryClient
