2026-01-07 15:22:41 - Starting EtablissementApplication using Java 17.0.17 with PID 22488 (C:\Users\We10\Documents\GitHub\TeenTracker\Backend\etablissement-service\target\classes started by We10 in C:\Users\We10\Documents\GitHub\TeenTracker\Backend\etablissement-service)
2026-01-07 15:22:41 - No active profile set, falling back to 1 default profile: "default"
2026-01-07 15:22:48 - Bootstrapping Spring Data JPA repositories in DEFAULT mode.
2026-01-07 15:22:49 - Finished Spring Data repository scanning in 874 ms. Found 5 JPA repository interfaces.
2026-01-07 15:22:50 - BeanFactory id=8d7d02bd-6f1c-3fe8-9de2-8dac2febaa8d
2026-01-07 15:22:54 - Tomcat initialized with port 8081 (http)
2026-01-07 15:22:54 - Starting service [Tomcat]
2026-01-07 15:22:54 - Starting Servlet engine: [Apache Tomcat/10.1.33]
2026-01-07 15:22:54 - Initializing Spring embedded WebApplicationContext
2026-01-07 15:22:54 - Root WebApplicationContext: initialization completed in 13050 ms
2026-01-07 15:22:58 - HHH000204: Processing PersistenceUnitInfo [name: default]
2026-01-07 15:22:59 - HHH000412: Hibernate ORM core version 6.6.2.Final
2026-01-07 15:22:59 - HHH000026: Second-level cache disabled
2026-01-07 15:23:00 - No LoadTimeWeaver setup: ignoring JPA class transformer
2026-01-07 15:23:00 - HikariPool-1 - Starting...
2026-01-07 15:23:06 - HikariPool-1 - Added connection conn1: url=jdbc:h2:file:./data/etablissement_db user=SA
2026-01-07 15:23:06 - HikariPool-1 - Start completed.
2026-01-07 15:23:06 - HHH10001005: Database info:
	Database JDBC URL [Connecting through datasource 'HikariDataSource (HikariPool-1)']
	Database driver: undefined/unknown
	Database version: 2.3.232
	Autocommit mode: undefined/unknown
	Isolation level: undefined/unknown
	Minimum pool size: undefined/unknown
	Maximum pool size: undefined/unknown
2026-01-07 15:23:10 - HHH000489: No JTA platform available (set 'hibernate.transaction.jta.platform' to enable JTA platform integration)
2026-01-07 15:23:10 - Initialized JPA EntityManagerFactory for persistence unit 'default'
2026-01-07 15:23:11 - Hibernate is in classpath; If applicable, HQL parser will be used.
2026-01-07 15:23:16 - 

Using generated security password: 743c2fae-12e2-430f-bbda-eb60d952e0e7

This generated password is for development use only. Your security configuration must be updated before running your application in production.

2026-01-07 15:23:16 - Global AuthenticationManager configured with UserDetailsService bean with name inMemoryUserDetailsManager
2026-01-07 15:23:16 - Exposing 1 endpoint beneath base path '/actuator'
2026-01-07 15:23:17 - Eureka HTTP Client uses RestTemplate.
2026-01-07 15:23:17 - Spring Cloud LoadBalancer is currently working with the default cache. While this cache implementation is useful for development and tests, it's recommended to use Caffeine cache in production.You can switch to using Caffeine cache, by adding it and org.springframework.cache.caffeine.CaffeineCacheManager to the classpath.
2026-01-07 15:23:17 - Setting initial instance status as: STARTING
2026-01-07 15:23:17 - Initializing Eureka in region us-east-1
2026-01-07 15:23:17 - Resolving eureka endpoints via configuration
2026-01-07 15:23:18 - Disable delta property : false
2026-01-07 15:23:18 - Single vip registry refresh property : null
2026-01-07 15:23:18 - Force full registry fetch : false
2026-01-07 15:23:18 - Application is null : false
2026-01-07 15:23:18 - Registered Applications size is zero : true
2026-01-07 15:23:18 - Application version is -1: true
2026-01-07 15:23:18 - Getting all instance registry info from the eureka server
2026-01-07 15:23:19 - The response status is 200
2026-01-07 15:23:19 - Starting heartbeat executor: renew interval is: 30
2026-01-07 15:23:19 - InstanceInfoReplicator onDemand update allowed rate per min is 4
2026-01-07 15:23:19 - Discovery Client initialized at timestamp 1767795799310 with initial instances count: 2
2026-01-07 15:23:19 - Registering application ETABLISSEMENT-SERVICE with eureka with status UP
2026-01-07 15:23:19 - Saw local status change event StatusChangeEvent [timestamp=1767795799336, current=UP, previous=STARTING]
2026-01-07 15:23:19 - DiscoveryClient_ETABLISSEMENT-SERVICE/DESKTOP-I9GMSBV:etablissement-service:8081: registering service...
2026-01-07 15:23:19 - Tomcat started on port 8081 (http) with context path '/'
2026-01-07 15:23:19 - Updating port to 8081
2026-01-07 15:23:19 - DiscoveryClient_ETABLISSEMENT-SERVICE/DESKTOP-I9GMSBV:etablissement-service:8081 - registration status: 204
2026-01-07 15:23:19 - Started EtablissementApplication in 42.778 seconds (process running for 48.272)
2026-01-07 15:23:24 - Initializing Spring DispatcherServlet 'dispatcherServlet'
2026-01-07 15:23:24 - Initializing Servlet 'dispatcherServlet'
2026-01-07 15:23:24 - Completed initialization in 6 ms
2026-01-07 15:28:17 - Resolving eureka endpoints via configuration
2026-01-07 15:31:38 - Starting EtablissementApplication using Java 17.0.17 with PID 15040 (C:\Users\We10\Documents\GitHub\TeenTracker\Backend\etablissement-service\target\classes started by We10 in C:\Users\We10\Documents\GitHub\TeenTracker\Backend\etablissement-service)
2026-01-07 15:31:38 - No active profile set, falling back to 1 default profile: "default"
2026-01-07 15:31:45 - Bootstrapping Spring Data JPA repositories in DEFAULT mode.
2026-01-07 15:31:46 - Finished Spring Data repository scanning in 856 ms. Found 5 JPA repository interfaces.
2026-01-07 15:31:48 - BeanFactory id=8d7d02bd-6f1c-3fe8-9de2-8dac2febaa8d
2026-01-07 15:31:51 - Tomcat initialized with port 8081 (http)
2026-01-07 15:31:51 - Starting service [Tomcat]
2026-01-07 15:31:51 - Starting Servlet engine: [Apache Tomcat/10.1.33]
2026-01-07 15:31:51 - Initializing Spring embedded WebApplicationContext
2026-01-07 15:31:51 - Root WebApplicationContext: initialization completed in 12931 ms
2026-01-07 15:31:53 - HHH000204: Processing PersistenceUnitInfo [name: default]
2026-01-07 15:31:53 - HHH000412: Hibernate ORM core version 6.6.2.Final
2026-01-07 15:31:53 - HHH000026: Second-level cache disabled
2026-01-07 15:31:54 - No LoadTimeWeaver setup: ignoring JPA class transformer
2026-01-07 15:31:54 - HikariPool-1 - Starting...
2026-01-07 15:31:59 - HikariPool-1 - Added connection conn1: url=jdbc:h2:file:./data/etablissement_db user=SA
2026-01-07 15:31:59 - HikariPool-1 - Start completed.
2026-01-07 15:32:00 - HHH10001005: Database info:
	Database JDBC URL [Connecting through datasource 'HikariDataSource (HikariPool-1)']
	Database driver: undefined/unknown
	Database version: 2.3.232
	Autocommit mode: undefined/unknown
	Isolation level: undefined/unknown
	Minimum pool size: undefined/unknown
	Maximum pool size: undefined/unknown
2026-01-07 15:32:03 - HHH000489: No JTA platform available (set 'hibernate.transaction.jta.platform' to enable JTA platform integration)
2026-01-07 15:32:03 - Initialized JPA EntityManagerFactory for persistence unit 'default'
2026-01-07 15:32:04 - Hibernate is in classpath; If applicable, HQL parser will be used.
2026-01-07 15:32:09 - 

Using generated security password: 247f2062-e4d1-4469-bf70-f406eb73394f

This generated password is for development use only. Your security configuration must be updated before running your application in production.

2026-01-07 15:32:09 - Global AuthenticationManager configured with UserDetailsService bean with name inMemoryUserDetailsManager
2026-01-07 15:32:10 - Exposing 1 endpoint beneath base path '/actuator'
2026-01-07 15:32:10 - Eureka HTTP Client uses RestTemplate.
2026-01-07 15:32:10 - Spring Cloud LoadBalancer is currently working with the default cache. While this cache implementation is useful for development and tests, it's recommended to use Caffeine cache in production.You can switch to using Caffeine cache, by adding it and org.springframework.cache.caffeine.CaffeineCacheManager to the classpath.
2026-01-07 15:32:11 - Setting initial instance status as: STARTING
2026-01-07 15:32:11 - Initializing Eureka in region us-east-1
2026-01-07 15:32:11 - Resolving eureka endpoints via configuration
2026-01-07 15:32:11 - Disable delta property : false
2026-01-07 15:32:11 - Single vip registry refresh property : null
2026-01-07 15:32:11 - Force full registry fetch : false
2026-01-07 15:32:11 - Application is null : false
2026-01-07 15:32:11 - Registered Applications size is zero : true
2026-01-07 15:32:11 - Application version is -1: true
2026-01-07 15:32:11 - Getting all instance registry info from the eureka server
2026-01-07 15:32:12 - The response status is 200
2026-01-07 15:32:12 - Starting heartbeat executor: renew interval is: 30
2026-01-07 15:32:12 - InstanceInfoReplicator onDemand update allowed rate per min is 4
2026-01-07 15:32:12 - Discovery Client initialized at timestamp 1767796332362 with initial instances count: 3
2026-01-07 15:32:12 - Registering application ETABLISSEMENT-SERVICE with eureka with status UP
2026-01-07 15:32:12 - Saw local status change event StatusChangeEvent [timestamp=1767796332386, current=UP, previous=STARTING]
2026-01-07 15:32:12 - DiscoveryClient_ETABLISSEMENT-SERVICE/DESKTOP-I9GMSBV:etablissement-service:8081: registering service...
2026-01-07 15:32:12 - Tomcat started on port 8081 (http) with context path '/'
2026-01-07 15:32:12 - Updating port to 8081
2026-01-07 15:32:12 - DiscoveryClient_ETABLISSEMENT-SERVICE/DESKTOP-I9GMSBV:etablissement-service:8081 - registration status: 204
2026-01-07 15:32:12 - Started EtablissementApplication in 40.451 seconds (process running for 47.225)
2026-01-07 15:32:13 - Initializing Spring DispatcherServlet 'dispatcherServlet'
2026-01-07 15:32:13 - Initializing Servlet 'dispatcherServlet'
2026-01-07 15:32:13 - Completed initialization in 5 ms
2026-01-07 15:36:59 - Starting EtablissementApplication using Java 17.0.17 with PID 13720 (C:\Users\We10\Documents\GitHub\TeenTracker\Backend\etablissement-service\target\classes started by We10 in C:\Users\We10\Documents\GitHub\TeenTracker\Backend\etablissement-service)
2026-01-07 15:36:59 - No active profile set, falling back to 1 default profile: "default"
2026-01-07 15:37:09 - Bootstrapping Spring Data JPA repositories in DEFAULT mode.
2026-01-07 15:37:10 - Finished Spring Data repository scanning in 994 ms. Found 5 JPA repository interfaces.
2026-01-07 15:37:13 - BeanFactory id=8d7d02bd-6f1c-3fe8-9de2-8dac2febaa8d
2026-01-07 15:37:17 - Tomcat initialized with port 8081 (http)
2026-01-07 15:37:17 - Starting service [Tomcat]
2026-01-07 15:37:17 - Starting Servlet engine: [Apache Tomcat/10.1.33]
2026-01-07 15:37:17 - Initializing Spring embedded WebApplicationContext
2026-01-07 15:37:17 - Root WebApplicationContext: initialization completed in 17673 ms
2026-01-07 15:37:20 - HHH000204: Processing PersistenceUnitInfo [name: default]
2026-01-07 15:37:20 - HHH000412: Hibernate ORM core version 6.6.2.Final
2026-01-07 15:37:20 - HHH000026: Second-level cache disabled
2026-01-07 15:37:22 - No LoadTimeWeaver setup: ignoring JPA class transformer
2026-01-07 15:37:22 - HikariPool-1 - Starting...
2026-01-07 15:37:27 - HikariPool-1 - Added connection conn1: url=jdbc:h2:file:./data/etablissement_db user=SA
2026-01-07 15:37:27 - HikariPool-1 - Start completed.
2026-01-07 15:37:27 - HHH10001005: Database info:
	Database JDBC URL [Connecting through datasource 'HikariDataSource (HikariPool-1)']
	Database driver: undefined/unknown
	Database version: 2.3.232
	Autocommit mode: undefined/unknown
	Isolation level: undefined/unknown
	Minimum pool size: undefined/unknown
	Maximum pool size: undefined/unknown
2026-01-07 15:37:32 - HHH000489: No JTA platform available (set 'hibernate.transaction.jta.platform' to enable JTA platform integration)
2026-01-07 15:37:32 - Initialized JPA EntityManagerFactory for persistence unit 'default'
2026-01-07 15:37:34 - Hibernate is in classpath; If applicable, HQL parser will be used.
2026-01-07 15:37:39 - 

Using generated security password: cef04538-bcbf-4f80-a0d8-9774484b7e30

This generated password is for development use only. Your security configuration must be updated before running your application in production.

2026-01-07 15:37:39 - Global AuthenticationManager configured with UserDetailsService bean with name inMemoryUserDetailsManager
2026-01-07 15:37:39 - Exposing 1 endpoint beneath base path '/actuator'
2026-01-07 15:37:40 - Eureka HTTP Client uses RestTemplate.
2026-01-07 15:37:40 - Spring Cloud LoadBalancer is currently working with the default cache. While this cache implementation is useful for development and tests, it's recommended to use Caffeine cache in production.You can switch to using Caffeine cache, by adding it and org.springframework.cache.caffeine.CaffeineCacheManager to the classpath.
2026-01-07 15:37:40 - Setting initial instance status as: STARTING
2026-01-07 15:37:40 - Initializing Eureka in region us-east-1
2026-01-07 15:37:40 - Resolving eureka endpoints via configuration
2026-01-07 15:37:40 - Disable delta property : false
2026-01-07 15:37:40 - Single vip registry refresh property : null
2026-01-07 15:37:40 - Force full registry fetch : false
2026-01-07 15:37:40 - Application is null : false
2026-01-07 15:37:40 - Registered Applications size is zero : true
2026-01-07 15:37:40 - Application version is -1: true
2026-01-07 15:37:40 - Getting all instance registry info from the eureka server
2026-01-07 15:37:42 - The response status is 200
2026-01-07 15:37:42 - Starting heartbeat executor: renew interval is: 30
2026-01-07 15:37:42 - InstanceInfoReplicator onDemand update allowed rate per min is 4
2026-01-07 15:37:42 - Discovery Client initialized at timestamp 1767796662036 with initial instances count: 3
2026-01-07 15:37:42 - Registering application ETABLISSEMENT-SERVICE with eureka with status UP
2026-01-07 15:37:42 - Saw local status change event StatusChangeEvent [timestamp=1767796662062, current=UP, previous=STARTING]
2026-01-07 15:37:42 - DiscoveryClient_ETABLISSEMENT-SERVICE/DESKTOP-I9GMSBV:etablissement-service:8081: registering service...
2026-01-07 15:37:42 - Tomcat started on port 8081 (http) with context path '/'
2026-01-07 15:37:42 - Updating port to 8081
2026-01-07 15:37:42 - DiscoveryClient_ETABLISSEMENT-SERVICE/DESKTOP-I9GMSBV:etablissement-service:8081 - registration status: 204
2026-01-07 15:37:42 - Started EtablissementApplication in 48.097 seconds (process running for 52.982)
2026-01-07 15:37:44 - Initializing Spring DispatcherServlet 'dispatcherServlet'
2026-01-07 15:37:44 - Initializing Servlet 'dispatcherServlet'
2026-01-07 15:37:44 - Completed initialization in 3 ms
2026-01-07 15:42:02 - Starting EtablissementApplication using Java 17.0.17 with PID 16864 (C:\Users\We10\Documents\GitHub\TeenTracker\Backend\etablissement-service\target\classes started by We10 in C:\Users\We10\Documents\GitHub\TeenTracker\Backend\etablissement-service)
2026-01-07 15:42:02 - No active profile set, falling back to 1 default profile: "default"
2026-01-07 15:42:06 - Bootstrapping Spring Data JPA repositories in DEFAULT mode.
2026-01-07 15:42:07 - Finished Spring Data repository scanning in 618 ms. Found 5 JPA repository interfaces.
2026-01-07 15:42:08 - BeanFactory id=8d7d02bd-6f1c-3fe8-9de2-8dac2febaa8d
2026-01-07 15:42:10 - Tomcat initialized with port 8081 (http)
2026-01-07 15:42:11 - Starting service [Tomcat]
2026-01-07 15:42:11 - Starting Servlet engine: [Apache Tomcat/10.1.33]
2026-01-07 15:42:11 - Initializing Spring embedded WebApplicationContext
2026-01-07 15:42:11 - Root WebApplicationContext: initialization completed in 8129 ms
2026-01-07 15:42:12 - HHH000204: Processing PersistenceUnitInfo [name: default]
2026-01-07 15:42:12 - HHH000412: Hibernate ORM core version 6.6.2.Final
2026-01-07 15:42:12 - HHH000026: Second-level cache disabled
2026-01-07 15:42:13 - No LoadTimeWeaver setup: ignoring JPA class transformer
2026-01-07 15:42:13 - HikariPool-1 - Starting...
2026-01-07 15:42:18 - HikariPool-1 - Added connection conn1: url=jdbc:h2:file:./data/etablissement_db user=SA
2026-01-07 15:42:18 - HikariPool-1 - Start completed.
2026-01-07 15:42:18 - HHH10001005: Database info:
	Database JDBC URL [Connecting through datasource 'HikariDataSource (HikariPool-1)']
	Database driver: undefined/unknown
	Database version: 2.3.232
	Autocommit mode: undefined/unknown
	Isolation level: undefined/unknown
	Minimum pool size: undefined/unknown
	Maximum pool size: undefined/unknown
2026-01-07 15:42:22 - HHH000489: No JTA platform available (set 'hibernate.transaction.jta.platform' to enable JTA platform integration)
2026-01-07 15:42:22 - Initialized JPA EntityManagerFactory for persistence unit 'default'
2026-01-07 15:42:23 - Hibernate is in classpath; If applicable, HQL parser will be used.
2026-01-07 15:42:27 - 

Using generated security password: 0953c5e3-743c-478b-8dc5-b46458d3c0a7

This generated password is for development use only. Your security configuration must be updated before running your application in production.

2026-01-07 15:42:28 - Global AuthenticationManager configured with UserDetailsService bean with name inMemoryUserDetailsManager
2026-01-07 15:42:28 - Exposing 1 endpoint beneath base path '/actuator'
2026-01-07 15:42:29 - Eureka HTTP Client uses RestTemplate.
2026-01-07 15:42:29 - Spring Cloud LoadBalancer is currently working with the default cache. While this cache implementation is useful for development and tests, it's recommended to use Caffeine cache in production.You can switch to using Caffeine cache, by adding it and org.springframework.cache.caffeine.CaffeineCacheManager to the classpath.
2026-01-07 15:42:29 - Setting initial instance status as: STARTING
2026-01-07 15:42:29 - Initializing Eureka in region us-east-1
2026-01-07 15:42:29 - Resolving eureka endpoints via configuration
2026-01-07 15:42:29 - Disable delta property : false
2026-01-07 15:42:29 - Single vip registry refresh property : null
2026-01-07 15:42:29 - Force full registry fetch : false
2026-01-07 15:42:29 - Application is null : false
2026-01-07 15:42:29 - Registered Applications size is zero : true
2026-01-07 15:42:29 - Application version is -1: true
2026-01-07 15:42:29 - Getting all instance registry info from the eureka server
2026-01-07 15:42:30 - The response status is 200
2026-01-07 15:42:30 - Starting heartbeat executor: renew interval is: 30
2026-01-07 15:42:30 - InstanceInfoReplicator onDemand update allowed rate per min is 4
2026-01-07 15:42:30 - Discovery Client initialized at timestamp 1767796950813 with initial instances count: 3
2026-01-07 15:42:30 - Registering application ETABLISSEMENT-SERVICE with eureka with status UP
2026-01-07 15:42:30 - Saw local status change event StatusChangeEvent [timestamp=1767796950837, current=UP, previous=STARTING]
2026-01-07 15:42:30 - DiscoveryClient_ETABLISSEMENT-SERVICE/DESKTOP-I9GMSBV:etablissement-service:8081: registering service...
2026-01-07 15:42:30 - Tomcat started on port 8081 (http) with context path '/'
2026-01-07 15:42:30 - Updating port to 8081
2026-01-07 15:42:30 - DiscoveryClient_ETABLISSEMENT-SERVICE/DESKTOP-I9GMSBV:etablissement-service:8081 - registration status: 204
2026-01-07 15:42:31 - Started EtablissementApplication in 32.465 seconds (process running for 35.662)
2026-01-07 15:42:32 - Initializing Spring DispatcherServlet 'dispatcherServlet'
2026-01-07 15:42:32 - Initializing Servlet 'dispatcherServlet'
2026-01-07 15:42:32 - Completed initialization in 7 ms
2026-01-07 15:47:08 - Starting EtablissementApplication using Java 17.0.17 with PID 13688 (C:\Users\We10\Documents\GitHub\TeenTracker\Backend\etablissement-service\target\classes started by We10 in C:\Users\We10\Documents\GitHub\TeenTracker\Backend\etablissement-service)
2026-01-07 15:47:08 - No active profile set, falling back to 1 default profile: "default"
2026-01-07 15:47:14 - Bootstrapping Spring Data JPA repositories in DEFAULT mode.
2026-01-07 15:47:15 - Finished Spring Data repository scanning in 550 ms. Found 5 JPA repository interfaces.
2026-01-07 15:47:16 - BeanFactory id=8d7d02bd-6f1c-3fe8-9de2-8dac2febaa8d
2026-01-07 15:47:18 - Tomcat initialized with port 8081 (http)
2026-01-07 15:47:18 - Starting service [Tomcat]
2026-01-07 15:47:18 - Starting Servlet engine: [Apache Tomcat/10.1.33]
2026-01-07 15:47:19 - Initializing Spring embedded WebApplicationContext
2026-01-07 15:47:19 - Root WebApplicationContext: initialization completed in 10546 ms
2026-01-07 15:47:20 - HHH000204: Processing PersistenceUnitInfo [name: default]
2026-01-07 15:47:20 - HHH000412: Hibernate ORM core version 6.6.2.Final
2026-01-07 15:47:20 - HHH000026: Second-level cache disabled
2026-01-07 15:47:21 - No LoadTimeWeaver setup: ignoring JPA class transformer
2026-01-07 15:47:21 - HikariPool-1 - Starting...
2026-01-07 15:47:26 - HikariPool-1 - Added connection conn1: url=jdbc:h2:file:./data/etablissement_db user=SA
2026-01-07 15:47:26 - HikariPool-1 - Start completed.
2026-01-07 15:47:26 - HHH10001005: Database info:
	Database JDBC URL [Connecting through datasource 'HikariDataSource (HikariPool-1)']
	Database driver: undefined/unknown
	Database version: 2.3.232
	Autocommit mode: undefined/unknown
	Isolation level: undefined/unknown
	Minimum pool size: undefined/unknown
	Maximum pool size: undefined/unknown
2026-01-07 15:47:29 - HHH000489: No JTA platform available (set 'hibernate.transaction.jta.platform' to enable JTA platform integration)
2026-01-07 15:47:29 - Initialized JPA EntityManagerFactory for persistence unit 'default'
2026-01-07 15:47:31 - Hibernate is in classpath; If applicable, HQL parser will be used.
2026-01-07 15:47:36 - 

Using generated security password: 524c6bf7-8b18-4ba7-b0e9-c7b7684e8bf1

This generated password is for development use only. Your security configuration must be updated before running your application in production.

2026-01-07 15:47:36 - Global AuthenticationManager configured with UserDetailsService bean with name inMemoryUserDetailsManager
2026-01-07 15:47:36 - Exposing 1 endpoint beneath base path '/actuator'
2026-01-07 15:47:37 - Eureka HTTP Client uses RestTemplate.
2026-01-07 15:47:37 - Spring Cloud LoadBalancer is currently working with the default cache. While this cache implementation is useful for development and tests, it's recommended to use Caffeine cache in production.You can switch to using Caffeine cache, by adding it and org.springframework.cache.caffeine.CaffeineCacheManager to the classpath.
2026-01-07 15:47:38 - Setting initial instance status as: STARTING
2026-01-07 15:47:38 - Initializing Eureka in region us-east-1
2026-01-07 15:47:38 - Resolving eureka endpoints via configuration
2026-01-07 15:47:38 - Disable delta property : false
2026-01-07 15:47:38 - Single vip registry refresh property : null
2026-01-07 15:47:38 - Force full registry fetch : false
2026-01-07 15:47:38 - Application is null : false
2026-01-07 15:47:38 - Registered Applications size is zero : true
2026-01-07 15:47:38 - Application version is -1: true
2026-01-07 15:47:38 - Getting all instance registry info from the eureka server
2026-01-07 15:47:39 - The response status is 200
2026-01-07 15:47:39 - Starting heartbeat executor: renew interval is: 30
2026-01-07 15:47:39 - InstanceInfoReplicator onDemand update allowed rate per min is 4
2026-01-07 15:47:39 - Discovery Client initialized at timestamp 1767797259486 with initial instances count: 2
2026-01-07 15:47:39 - Registering application ETABLISSEMENT-SERVICE with eureka with status UP
2026-01-07 15:47:39 - Saw local status change event StatusChangeEvent [timestamp=1767797259512, current=UP, previous=STARTING]
2026-01-07 15:47:39 - DiscoveryClient_ETABLISSEMENT-SERVICE/DESKTOP-I9GMSBV:etablissement-service:8081: registering service...
2026-01-07 15:47:39 - Tomcat started on port 8081 (http) with context path '/'
2026-01-07 15:47:39 - Updating port to 8081
2026-01-07 15:47:39 - DiscoveryClient_ETABLISSEMENT-SERVICE/DESKTOP-I9GMSBV:etablissement-service:8081 - registration status: 204
2026-01-07 15:47:39 - Started EtablissementApplication in 35.4 seconds (process running for 41.879)
2026-01-07 15:47:58 - Initializing Spring DispatcherServlet 'dispatcherServlet'
2026-01-07 15:47:58 - Initializing Servlet 'dispatcherServlet'
2026-01-07 15:47:58 - Completed initialization in 2 ms
2026-01-07 15:51:47 - Starting EtablissementApplication using Java 17.0.17 with PID 19568 (C:\Users\We10\Documents\GitHub\TeenTracker\Backend\etablissement-service\target\classes started by We10 in C:\Users\We10\Documents\GitHub\TeenTracker\Backend\etablissement-service)
2026-01-07 15:51:47 - No active profile set, falling back to 1 default profile: "default"
2026-01-07 15:51:52 - Bootstrapping Spring Data JPA repositories in DEFAULT mode.
2026-01-07 15:51:53 - Finished Spring Data repository scanning in 577 ms. Found 5 JPA repository interfaces.
2026-01-07 15:51:54 - BeanFactory id=8d7d02bd-6f1c-3fe8-9de2-8dac2febaa8d
2026-01-07 15:51:57 - Tomcat initialized with port 8081 (http)
2026-01-07 15:51:57 - Starting service [Tomcat]
2026-01-07 15:51:57 - Starting Servlet engine: [Apache Tomcat/10.1.33]
2026-01-07 15:51:57 - Initializing Spring embedded WebApplicationContext
2026-01-07 15:51:57 - Root WebApplicationContext: initialization completed in 9315 ms
2026-01-07 15:51:59 - HHH000204: Processing PersistenceUnitInfo [name: default]
2026-01-07 15:51:59 - HHH000412: Hibernate ORM core version 6.6.2.Final
2026-01-07 15:51:59 - HHH000026: Second-level cache disabled
2026-01-07 15:52:00 - No LoadTimeWeaver setup: ignoring JPA class transformer
2026-01-07 15:52:00 - HikariPool-1 - Starting...
2026-01-07 15:52:05 - HikariPool-1 - Added connection conn1: url=jdbc:h2:file:./data/etablissement_db user=SA
2026-01-07 15:52:05 - HikariPool-1 - Start completed.
2026-01-07 15:52:05 - HHH10001005: Database info:
	Database JDBC URL [Connecting through datasource 'HikariDataSource (HikariPool-1)']
	Database driver: undefined/unknown
	Database version: 2.3.232
	Autocommit mode: undefined/unknown
	Isolation level: undefined/unknown
	Minimum pool size: undefined/unknown
	Maximum pool size: undefined/unknown
2026-01-07 15:52:09 - HHH000489: No JTA platform available (set 'hibernate.transaction.jta.platform' to enable JTA platform integration)
2026-01-07 15:52:09 - Initialized JPA EntityManagerFactory for persistence unit 'default'
2026-01-07 15:52:10 - Hibernate is in classpath; If applicable, HQL parser will be used.
2026-01-07 15:52:15 - 

Using generated security password: 766f831d-e267-405a-a792-a32429eda3ad

This generated password is for development use only. Your security configuration must be updated before running your application in production.

2026-01-07 15:52:15 - Global AuthenticationManager configured with UserDetailsService bean with name inMemoryUserDetailsManager
2026-01-07 15:52:15 - Exposing 1 endpoint beneath base path '/actuator'
2026-01-07 15:52:16 - Eureka HTTP Client uses RestTemplate.
2026-01-07 15:52:16 - Spring Cloud LoadBalancer is currently working with the default cache. While this cache implementation is useful for development and tests, it's recommended to use Caffeine cache in production.You can switch to using Caffeine cache, by adding it and org.springframework.cache.caffeine.CaffeineCacheManager to the classpath.
2026-01-07 15:52:16 - Setting initial instance status as: STARTING
2026-01-07 15:52:16 - Initializing Eureka in region us-east-1
2026-01-07 15:52:16 - Resolving eureka endpoints via configuration
2026-01-07 15:52:16 - Disable delta property : false
2026-01-07 15:52:16 - Single vip registry refresh property : null
2026-01-07 15:52:16 - Force full registry fetch : false
2026-01-07 15:52:16 - Application is null : false
2026-01-07 15:52:16 - Registered Applications size is zero : true
2026-01-07 15:52:16 - Application version is -1: true
2026-01-07 15:52:16 - Getting all instance registry info from the eureka server
2026-01-07 15:52:18 - The response status is 200
2026-01-07 15:52:18 - Starting heartbeat executor: renew interval is: 30
2026-01-07 15:52:18 - InstanceInfoReplicator onDemand update allowed rate per min is 4
2026-01-07 15:52:18 - Discovery Client initialized at timestamp 1767797538194 with initial instances count: 2
2026-01-07 15:52:18 - Registering application ETABLISSEMENT-SERVICE with eureka with status UP
2026-01-07 15:52:18 - Saw local status change event StatusChangeEvent [timestamp=1767797538223, current=UP, previous=STARTING]
2026-01-07 15:52:18 - DiscoveryClient_ETABLISSEMENT-SERVICE/DESKTOP-I9GMSBV:etablissement-service:8081: registering service...
2026-01-07 15:52:18 - Tomcat started on port 8081 (http) with context path '/'
2026-01-07 15:52:18 - Updating port to 8081
2026-01-07 15:52:18 - DiscoveryClient_ETABLISSEMENT-SERVICE/DESKTOP-I9GMSBV:etablissement-service:8081 - registration status: 204
2026-01-07 15:52:18 - Started EtablissementApplication in 36.042 seconds (process running for 40.52)
2026-01-07 15:52:24 - Initializing Spring DispatcherServlet 'dispatcherServlet'
2026-01-07 15:52:24 - Initializing Servlet 'dispatcherServlet'
2026-01-07 15:52:24 - Completed initialization in 5 ms
2026-01-07 15:55:59 - HikariPool-1 - Thread starvation or clock leap detected (housekeeper delta=1m23s428ms604µs200ns).
2026-01-07 15:58:10 - Resolving eureka endpoints via configuration
2026-01-07 16:03:13 - Starting EtablissementApplication using Java 17.0.17 with PID 21564 (C:\Users\We10\Documents\GitHub\TeenTracker\Backend\etablissement-service\target\classes started by We10 in C:\Users\We10\Documents\GitHub\TeenTracker\Backend\etablissement-service)
2026-01-07 16:03:13 - No active profile set, falling back to 1 default profile: "default"
2026-01-07 16:03:23 - Bootstrapping Spring Data JPA repositories in DEFAULT mode.
2026-01-07 16:03:24 - Finished Spring Data repository scanning in 898 ms. Found 5 JPA repository interfaces.
2026-01-07 16:03:27 - BeanFactory id=8d7d02bd-6f1c-3fe8-9de2-8dac2febaa8d
2026-01-07 16:03:34 - Tomcat initialized with port 8081 (http)
2026-01-07 16:03:34 - Starting service [Tomcat]
2026-01-07 16:03:34 - Starting Servlet engine: [Apache Tomcat/10.1.33]
2026-01-07 16:03:35 - Initializing Spring embedded WebApplicationContext
2026-01-07 16:03:35 - Root WebApplicationContext: initialization completed in 21467 ms
2026-01-07 16:03:44 - HHH000204: Processing PersistenceUnitInfo [name: default]
2026-01-07 16:03:45 - HHH000412: Hibernate ORM core version 6.6.2.Final
2026-01-07 16:03:45 - HHH000026: Second-level cache disabled
2026-01-07 16:03:48 - No LoadTimeWeaver setup: ignoring JPA class transformer
2026-01-07 16:03:48 - HikariPool-1 - Starting...
2026-01-07 16:03:55 - HikariPool-1 - Added connection conn1: url=jdbc:h2:file:./data/etablissement_db user=SA
2026-01-07 16:03:55 - HikariPool-1 - Start completed.
2026-01-07 16:03:55 - HHH10001005: Database info:
	Database JDBC URL [Connecting through datasource 'HikariDataSource (HikariPool-1)']
	Database driver: undefined/unknown
	Database version: 2.3.232
	Autocommit mode: undefined/unknown
	Isolation level: undefined/unknown
	Minimum pool size: undefined/unknown
	Maximum pool size: undefined/unknown
2026-01-07 16:04:02 - HHH000489: No JTA platform available (set 'hibernate.transaction.jta.platform' to enable JTA platform integration)
2026-01-07 16:04:03 - Initialized JPA EntityManagerFactory for persistence unit 'default'
2026-01-07 16:04:05 - Hibernate is in classpath; If applicable, HQL parser will be used.
2026-01-07 16:04:15 - 

Using generated security password: ad05b40b-2567-40fa-9626-0665e0164fea

This generated password is for development use only. Your security configuration must be updated before running your application in production.

2026-01-07 16:04:15 - Global AuthenticationManager configured with UserDetailsService bean with name inMemoryUserDetailsManager
2026-01-07 16:04:16 - Exposing 1 endpoint beneath base path '/actuator'
2026-01-07 16:04:19 - Eureka HTTP Client uses RestTemplate.
2026-01-07 16:04:19 - Spring Cloud LoadBalancer is currently working with the default cache. While this cache implementation is useful for development and tests, it's recommended to use Caffeine cache in production.You can switch to using Caffeine cache, by adding it and org.springframework.cache.caffeine.CaffeineCacheManager to the classpath.
2026-01-07 16:04:20 - Setting initial instance status as: STARTING
2026-01-07 16:04:20 - Initializing Eureka in region us-east-1
2026-01-07 16:04:20 - Resolving eureka endpoints via configuration
2026-01-07 16:04:20 - Disable delta property : false
2026-01-07 16:04:20 - Single vip registry refresh property : null
2026-01-07 16:04:20 - Force full registry fetch : false
2026-01-07 16:04:20 - Application is null : false
2026-01-07 16:04:20 - Registered Applications size is zero : true
2026-01-07 16:04:20 - Application version is -1: true
2026-01-07 16:04:20 - Getting all instance registry info from the eureka server
2026-01-07 16:04:23 - The response status is 200
2026-01-07 16:04:23 - Starting heartbeat executor: renew interval is: 30
2026-01-07 16:04:23 - InstanceInfoReplicator onDemand update allowed rate per min is 4
2026-01-07 16:04:23 - Discovery Client initialized at timestamp 1767798263921 with initial instances count: 2
2026-01-07 16:04:23 - Registering application ETABLISSEMENT-SERVICE with eureka with status UP
2026-01-07 16:04:23 - Saw local status change event StatusChangeEvent [timestamp=1767798263950, current=UP, previous=STARTING]
2026-01-07 16:04:23 - DiscoveryClient_ETABLISSEMENT-SERVICE/DESKTOP-I9GMSBV:etablissement-service:8081: registering service...
2026-01-07 16:04:24 - Tomcat started on port 8081 (http) with context path '/'
2026-01-07 16:04:24 - Updating port to 8081
2026-01-07 16:04:24 - DiscoveryClient_ETABLISSEMENT-SERVICE/DESKTOP-I9GMSBV:etablissement-service:8081 - registration status: 204
2026-01-07 16:04:24 - Started EtablissementApplication in 74.411 seconds (process running for 79.686)
2026-01-07 16:04:56 - Initializing Spring DispatcherServlet 'dispatcherServlet'
2026-01-07 16:04:56 - Initializing Servlet 'dispatcherServlet'
2026-01-07 16:04:56 - Completed initialization in 5 ms
2026-01-07 16:09:20 - Resolving eureka endpoints via configuration
2026-01-07 16:15:41 - Starting EtablissementApplication using Java 17.0.17 with PID 15704 (C:\Users\We10\Documents\GitHub\TeenTracker\Backend\etablissement-service\target\classes started by We10 in C:\Users\We10\Documents\GitHub\TeenTracker\Backend\etablissement-service)
2026-01-07 16:15:41 - No active profile set, falling back to 1 default profile: "default"
2026-01-07 16:15:50 - Bootstrapping Spring Data JPA repositories in DEFAULT mode.
2026-01-07 16:15:51 - Finished Spring Data repository scanning in 975 ms. Found 5 JPA repository interfaces.
2026-01-07 16:15:54 - BeanFactory id=8254a898-03d0-324f-b608-1dd43fbb9a8f
2026-01-07 16:15:59 - Tomcat initialized with port 8081 (http)
2026-01-07 16:15:59 - Starting service [Tomcat]
2026-01-07 16:15:59 - Starting Servlet engine: [Apache Tomcat/10.1.33]
2026-01-07 16:15:59 - Initializing Spring embedded WebApplicationContext
2026-01-07 16:15:59 - Root WebApplicationContext: initialization completed in 17860 ms
2026-01-07 16:16:01 - HHH000204: Processing PersistenceUnitInfo [name: default]
2026-01-07 16:16:02 - HHH000412: Hibernate ORM core version 6.6.2.Final
2026-01-07 16:16:02 - HHH000026: Second-level cache disabled
2026-01-07 16:16:04 - No LoadTimeWeaver setup: ignoring JPA class transformer
2026-01-07 16:16:04 - HikariPool-1 - Starting...
2026-01-07 16:16:10 - HikariPool-1 - Added connection conn1: url=jdbc:h2:file:./data/etablissement_db user=SA
2026-01-07 16:16:10 - HikariPool-1 - Start completed.
2026-01-07 16:16:10 - HHH10001005: Database info:
	Database JDBC URL [Connecting through datasource 'HikariDataSource (HikariPool-1)']
	Database driver: undefined/unknown
	Database version: 2.3.232
	Autocommit mode: undefined/unknown
	Isolation level: undefined/unknown
	Minimum pool size: undefined/unknown
	Maximum pool size: undefined/unknown
2026-01-07 16:16:16 - HHH000489: No JTA platform available (set 'hibernate.transaction.jta.platform' to enable JTA platform integration)
2026-01-07 16:16:16 - Initialized JPA EntityManagerFactory for persistence unit 'default'
2026-01-07 16:16:19 - Hibernate is in classpath; If applicable, HQL parser will be used.
2026-01-07 16:16:25 - 

Using generated security password: be1410b5-84fa-4f42-beb2-aff5b30f3e6a

This generated password is for development use only. Your security configuration must be updated before running your application in production.

2026-01-07 16:16:25 - Global AuthenticationManager configured with UserDetailsService bean with name inMemoryUserDetailsManager
2026-01-07 16:16:25 - Exposing 1 endpoint beneath base path '/actuator'
2026-01-07 16:16:26 - Eureka HTTP Client uses RestTemplate.
2026-01-07 16:16:26 - Spring Cloud LoadBalancer is currently working with the default cache. While this cache implementation is useful for development and tests, it's recommended to use Caffeine cache in production.You can switch to using Caffeine cache, by adding it and org.springframework.cache.caffeine.CaffeineCacheManager to the classpath.
2026-01-07 16:16:27 - Setting initial instance status as: STARTING
2026-01-07 16:16:27 - Initializing Eureka in region us-east-1
2026-01-07 16:16:27 - Resolving eureka endpoints via configuration
2026-01-07 16:16:27 - Disable delta property : false
2026-01-07 16:16:27 - Single vip registry refresh property : null
2026-01-07 16:16:27 - Force full registry fetch : false
2026-01-07 16:16:27 - Application is null : false
2026-01-07 16:16:27 - Registered Applications size is zero : true
2026-01-07 16:16:27 - Application version is -1: true
2026-01-07 16:16:27 - Getting all instance registry info from the eureka server
2026-01-07 16:16:29 - The response status is 200
2026-01-07 16:16:29 - Starting heartbeat executor: renew interval is: 30
2026-01-07 16:16:29 - InstanceInfoReplicator onDemand update allowed rate per min is 4
2026-01-07 16:16:29 - Discovery Client initialized at timestamp 1767798989426 with initial instances count: 0
2026-01-07 16:16:29 - Registering application ETABLISSEMENT-SERVICE with eureka with status UP
2026-01-07 16:16:29 - Saw local status change event StatusChangeEvent [timestamp=1767798989458, current=UP, previous=STARTING]
2026-01-07 16:16:29 - DiscoveryClient_ETABLISSEMENT-SERVICE/DESKTOP-I9GMSBV:etablissement-service:8081: registering service...
2026-01-07 16:16:29 - Tomcat started on port 8081 (http) with context path '/'
2026-01-07 16:16:29 - Updating port to 8081
2026-01-07 16:16:29 - DiscoveryClient_ETABLISSEMENT-SERVICE/DESKTOP-I9GMSBV:etablissement-service:8081 - registration status: 204
2026-01-07 16:16:30 - Started EtablissementApplication in 60.437 seconds (process running for 68.61)
2026-01-07 16:16:59 - Disable delta property : false
2026-01-07 16:16:59 - Single vip registry refresh property : null
2026-01-07 16:16:59 - Force full registry fetch : false
2026-01-07 16:16:59 - Application is null : false
2026-01-07 16:16:59 - Registered Applications size is zero : true
2026-01-07 16:16:59 - Application version is -1: false
2026-01-07 16:16:59 - Getting all instance registry info from the eureka server
2026-01-07 16:16:59 - The response status is 200
2026-01-07 16:20:41 - Initializing Spring DispatcherServlet 'dispatcherServlet'
2026-01-07 16:20:41 - Initializing Servlet 'dispatcherServlet'
2026-01-07 16:20:41 - Completed initialization in 5 ms
2026-01-07 16:21:27 - Resolving eureka endpoints via configuration
2026-01-07 16:26:14 - Starting EtablissementApplication using Java 17.0.17 with PID 12564 (C:\Users\We10\Documents\GitHub\TeenTracker\Backend\etablissement-service\target\classes started by We10 in C:\Users\We10\Documents\GitHub\TeenTracker\Backend\etablissement-service)
2026-01-07 16:26:14 - No active profile set, falling back to 1 default profile: "default"
2026-01-07 16:26:18 - Bootstrapping Spring Data JPA repositories in DEFAULT mode.
2026-01-07 16:26:19 - Finished Spring Data repository scanning in 514 ms. Found 5 JPA repository interfaces.
2026-01-07 16:26:20 - BeanFactory id=8254a898-03d0-324f-b608-1dd43fbb9a8f
2026-01-07 16:26:22 - Tomcat initialized with port 8081 (http)
2026-01-07 16:26:22 - Starting service [Tomcat]
2026-01-07 16:26:22 - Starting Servlet engine: [Apache Tomcat/10.1.33]
2026-01-07 16:26:23 - Initializing Spring embedded WebApplicationContext
2026-01-07 16:26:23 - Root WebApplicationContext: initialization completed in 8736 ms
2026-01-07 16:26:24 - HHH000204: Processing PersistenceUnitInfo [name: default]
2026-01-07 16:26:24 - HHH000412: Hibernate ORM core version 6.6.2.Final
2026-01-07 16:26:24 - HHH000026: Second-level cache disabled
2026-01-07 16:26:25 - No LoadTimeWeaver setup: ignoring JPA class transformer
2026-01-07 16:26:25 - HikariPool-1 - Starting...
2026-01-07 16:26:30 - HikariPool-1 - Added connection conn1: url=jdbc:h2:file:./data/etablissement_db user=SA
2026-01-07 16:26:30 - HikariPool-1 - Start completed.
2026-01-07 16:26:30 - HHH10001005: Database info:
	Database JDBC URL [Connecting through datasource 'HikariDataSource (HikariPool-1)']
	Database driver: undefined/unknown
	Database version: 2.3.232
	Autocommit mode: undefined/unknown
	Isolation level: undefined/unknown
	Minimum pool size: undefined/unknown
	Maximum pool size: undefined/unknown
2026-01-07 16:26:32 - HHH000489: No JTA platform available (set 'hibernate.transaction.jta.platform' to enable JTA platform integration)
2026-01-07 16:26:32 - Initialized JPA EntityManagerFactory for persistence unit 'default'
2026-01-07 16:26:33 - Hibernate is in classpath; If applicable, HQL parser will be used.
2026-01-07 16:26:36 - 

Using generated security password: 71294ee6-c651-4eb9-a90b-def147e8f9d8

This generated password is for development use only. Your security configuration must be updated before running your application in production.

2026-01-07 16:26:37 - Global AuthenticationManager configured with UserDetailsService bean with name inMemoryUserDetailsManager
2026-01-07 16:26:37 - Exposing 1 endpoint beneath base path '/actuator'
2026-01-07 16:26:37 - Eureka HTTP Client uses RestTemplate.
2026-01-07 16:26:37 - Spring Cloud LoadBalancer is currently working with the default cache. While this cache implementation is useful for development and tests, it's recommended to use Caffeine cache in production.You can switch to using Caffeine cache, by adding it and org.springframework.cache.caffeine.CaffeineCacheManager to the classpath.
2026-01-07 16:26:38 - Setting initial instance status as: STARTING
2026-01-07 16:26:38 - Initializing Eureka in region us-east-1
2026-01-07 16:26:38 - Resolving eureka endpoints via configuration
2026-01-07 16:26:38 - Disable delta property : false
2026-01-07 16:26:38 - Single vip registry refresh property : null
2026-01-07 16:26:38 - Force full registry fetch : false
2026-01-07 16:26:38 - Application is null : false
2026-01-07 16:26:38 - Registered Applications size is zero : true
2026-01-07 16:26:38 - Application version is -1: true
2026-01-07 16:26:38 - Getting all instance registry info from the eureka server
2026-01-07 16:26:39 - The response status is 200
2026-01-07 16:26:39 - Starting heartbeat executor: renew interval is: 30
2026-01-07 16:26:39 - InstanceInfoReplicator onDemand update allowed rate per min is 4
2026-01-07 16:26:39 - Discovery Client initialized at timestamp 1767799599169 with initial instances count: 2
2026-01-07 16:26:39 - Registering application ETABLISSEMENT-SERVICE with eureka with status UP
2026-01-07 16:26:39 - Saw local status change event StatusChangeEvent [timestamp=1767799599186, current=UP, previous=STARTING]
2026-01-07 16:26:39 - DiscoveryClient_ETABLISSEMENT-SERVICE/DESKTOP-I9GMSBV:etablissement-service:8081: registering service...
2026-01-07 16:26:39 - Tomcat started on port 8081 (http) with context path '/'
2026-01-07 16:26:39 - Updating port to 8081
2026-01-07 16:26:39 - DiscoveryClient_ETABLISSEMENT-SERVICE/DESKTOP-I9GMSBV:etablissement-service:8081 - registration status: 204
2026-01-07 16:26:39 - Started EtablissementApplication in 28.623 seconds (process running for 31.966)
2026-01-07 16:27:45 - Starting EtablissementApplication using Java 17.0.17 with PID 14880 (C:\Users\We10\Documents\GitHub\TeenTracker\Backend\etablissement-service\target\classes started by We10 in C:\Users\We10\Documents\GitHub\TeenTracker\Backend\etablissement-service)
2026-01-07 16:27:45 - No active profile set, falling back to 1 default profile: "default"
2026-01-07 16:27:49 - Bootstrapping Spring Data JPA repositories in DEFAULT mode.
2026-01-07 16:27:50 - Finished Spring Data repository scanning in 452 ms. Found 5 JPA repository interfaces.
2026-01-07 16:27:50 - BeanFactory id=8254a898-03d0-324f-b608-1dd43fbb9a8f
2026-01-07 16:27:52 - Tomcat initialized with port 8081 (http)
2026-01-07 16:27:52 - Starting service [Tomcat]
2026-01-07 16:27:52 - Starting Servlet engine: [Apache Tomcat/10.1.33]
2026-01-07 16:27:52 - Initializing Spring embedded WebApplicationContext
2026-01-07 16:27:52 - Root WebApplicationContext: initialization completed in 6569 ms
2026-01-07 16:27:53 - HHH000204: Processing PersistenceUnitInfo [name: default]
2026-01-07 16:27:53 - HHH000412: Hibernate ORM core version 6.6.2.Final
2026-01-07 16:27:53 - HHH000026: Second-level cache disabled
2026-01-07 16:27:54 - No LoadTimeWeaver setup: ignoring JPA class transformer
2026-01-07 16:27:54 - HikariPool-1 - Starting...
2026-01-07 16:27:59 - HikariPool-1 - Added connection conn1: url=jdbc:h2:file:./data/etablissement_db user=SA
2026-01-07 16:27:59 - HikariPool-1 - Start completed.
2026-01-07 16:27:59 - HHH10001005: Database info:
	Database JDBC URL [Connecting through datasource 'HikariDataSource (HikariPool-1)']
	Database driver: undefined/unknown
	Database version: 2.3.232
	Autocommit mode: undefined/unknown
	Isolation level: undefined/unknown
	Minimum pool size: undefined/unknown
	Maximum pool size: undefined/unknown
2026-01-07 16:28:01 - HHH000489: No JTA platform available (set 'hibernate.transaction.jta.platform' to enable JTA platform integration)
2026-01-07 16:28:01 - Initialized JPA EntityManagerFactory for persistence unit 'default'
2026-01-07 16:28:02 - Hibernate is in classpath; If applicable, HQL parser will be used.
2026-01-07 16:28:05 - 

Using generated security password: 4b363342-8fcb-4a99-8ab6-775d3d22107b

This generated password is for development use only. Your security configuration must be updated before running your application in production.

2026-01-07 16:28:06 - Global AuthenticationManager configured with UserDetailsService bean with name inMemoryUserDetailsManager
2026-01-07 16:28:06 - Exposing 1 endpoint beneath base path '/actuator'
2026-01-07 16:28:06 - Eureka HTTP Client uses RestTemplate.
2026-01-07 16:28:06 - Spring Cloud LoadBalancer is currently working with the default cache. While this cache implementation is useful for development and tests, it's recommended to use Caffeine cache in production.You can switch to using Caffeine cache, by adding it and org.springframework.cache.caffeine.CaffeineCacheManager to the classpath.
2026-01-07 16:28:07 - Setting initial instance status as: STARTING
2026-01-07 16:28:07 - Initializing Eureka in region us-east-1
2026-01-07 16:28:07 - Resolving eureka endpoints via configuration
2026-01-07 16:28:07 - Disable delta property : false
2026-01-07 16:28:07 - Single vip registry refresh property : null
2026-01-07 16:28:07 - Force full registry fetch : false
2026-01-07 16:28:07 - Application is null : false
2026-01-07 16:28:07 - Registered Applications size is zero : true
2026-01-07 16:28:07 - Application version is -1: true
2026-01-07 16:28:07 - Getting all instance registry info from the eureka server
2026-01-07 16:28:08 - The response status is 200
2026-01-07 16:28:08 - Starting heartbeat executor: renew interval is: 30
2026-01-07 16:28:08 - InstanceInfoReplicator onDemand update allowed rate per min is 4
2026-01-07 16:28:08 - Discovery Client initialized at timestamp 1767799688048 with initial instances count: 2
2026-01-07 16:28:08 - Registering application ETABLISSEMENT-SERVICE with eureka with status UP
2026-01-07 16:28:08 - Saw local status change event StatusChangeEvent [timestamp=1767799688067, current=UP, previous=STARTING]
2026-01-07 16:28:08 - DiscoveryClient_ETABLISSEMENT-SERVICE/DESKTOP-I9GMSBV:etablissement-service:8081: registering service...
2026-01-07 16:28:08 - Tomcat started on port 8081 (http) with context path '/'
2026-01-07 16:28:08 - Updating port to 8081
2026-01-07 16:28:08 - DiscoveryClient_ETABLISSEMENT-SERVICE/DESKTOP-I9GMSBV:etablissement-service:8081 - registration status: 204
2026-01-07 16:28:08 - Started EtablissementApplication in 24.236 seconds (process running for 27.229)
2026-01-07 16:28:13 - Initializing Spring DispatcherServlet 'dispatcherServlet'
2026-01-07 16:28:13 - Initializing Servlet 'dispatcherServlet'
2026-01-07 16:28:13 - Completed initialization in 2 ms
2026-01-07 16:33:07 - Resolving eureka endpoints via configuration
