[INFO] Scanning for projects...
[INFO] 
[INFO] -----------------------< com.trace:user-service >-----------------------
[INFO] Building user-service 0.0.1-SNAPSHOT
[INFO]   from pom.xml
[INFO] --------------------------------[ jar ]---------------------------------
[INFO] 
[INFO] >>> spring-boot:3.4.0:run (default-cli) > test-compile @ user-service >>>
[INFO] 
[INFO] --- resources:3.3.1:resources (default-resources) @ user-service ---
[INFO] Copying 1 resource from src\main\resources to target\classes
[INFO] Copying 7 resources from src\main\resources to target\classes
[INFO] 
[INFO] --- compiler:3.13.0:compile (default-compile) @ user-service ---
[INFO] Nothing to compile - all classes are up to date.
[INFO] 
[INFO] --- resources:3.3.1:testResources (default-testResources) @ user-service ---
[INFO] skip non existing resourceDirectory C:\Users\We10\Documents\GitHub\Trace\Backoffice&Backend\user-service\src\test\resources
[INFO] 
[INFO] --- compiler:3.13.0:testCompile (default-testCompile) @ user-service ---
[INFO] No sources to compile
[INFO] 
[INFO] <<< spring-boot:3.4.0:run (default-cli) < test-compile @ user-service <<<
[INFO] 
[INFO] 
[INFO] --- spring-boot:3.4.0:run (default-cli) @ user-service ---
[INFO] Attaching agents: []

  .   ____          _            __ _ _
 /\\ / ___'_ __ _ _(_)_ __  __ _ \ \ \ \
( ( )\___ | '_ | '_| | '_ \/ _` | \ \ \ \
 \\/  ___)| |_)| | | | | || (_| |  ) ) ) )
  '  |____| .__|_| |_|_| |_\__, | / / / /
 =========|_|==============|___/=/_/_/_/

 :: Spring Boot ::                (v3.4.0)

2025-12-26 18:24:49 - Starting UserApplication using Java 17.0.12 with PID 18392 (C:\Users\We10\Documents\GitHub\Trace\Backoffice&Backend\user-service\target\classes started by We10 in C:\Users\We10\Documents\GitHub\Trace\Backoffice&Backend\user-service)
2025-12-26 18:24:49 - No active profile set, falling back to 1 default profile: "default"
2025-12-26 18:24:50 - Bootstrapping Spring Data JPA repositories in DEFAULT mode.
2025-12-26 18:24:50 - Finished Spring Data repository scanning in 236 ms. Found 3 JPA repository interfaces.
2025-12-26 18:24:51 - BeanFactory id=f8782694-1ba1-31d4-8abe-c30ee3cb108a
2025-12-26 18:24:52 - Tomcat initialized with port 8084 (http)
2025-12-26 18:24:52 - Starting service [Tomcat]
2025-12-26 18:24:52 - Starting Servlet engine: [Apache Tomcat/10.1.33]
2025-12-26 18:24:52 - Initializing Spring embedded WebApplicationContext
2025-12-26 18:24:52 - Root WebApplicationContext: initialization completed in 2892 ms
2025-12-26 18:24:52 - HikariPool-1 - Starting...
2025-12-26 18:24:57 - HikariPool-1 - Added connection conn1: url=jdbc:h2:file:./data/userdb user=SA
2025-12-26 18:24:57 - HikariPool-1 - Start completed.
2025-12-26 18:24:57 - H2 console available at '/h2-console'. Database available at 'jdbc:h2:file:./data/userdb'
2025-12-26 18:24:57 - HHH000204: Processing PersistenceUnitInfo [name: default]
2025-12-26 18:24:57 - HHH000412: Hibernate ORM core version 6.6.2.Final
2025-12-26 18:24:57 - HHH000026: Second-level cache disabled
2025-12-26 18:24:58 - No LoadTimeWeaver setup: ignoring JPA class transformer
2025-12-26 18:24:58 - HHH10001005: Database info:
	Database JDBC URL [Connecting through datasource 'HikariDataSource (HikariPool-1)']
	Database driver: undefined/unknown
	Database version: 2.3.232
	Autocommit mode: undefined/unknown
	Isolation level: undefined/unknown
	Minimum pool size: undefined/unknown
	Maximum pool size: undefined/unknown
2025-12-26 18:24:59 - HHH000489: No JTA platform available (set 'hibernate.transaction.jta.platform' to enable JTA platform integration)
2025-12-26 18:24:59 - Initialized JPA EntityManagerFactory for persistence unit 'default'
2025-12-26 18:24:59 - spring.jpa.open-in-view is enabled by default. Therefore, database queries may be performed during view rendering. Explicitly configure spring.jpa.open-in-view to disable this warning
2025-12-26 18:25:01 - Eureka HTTP Client uses RestTemplate.
2025-12-26 18:25:01 - Spring Cloud LoadBalancer is currently working with the default cache. While this cache implementation is useful for development and tests, it's recommended to use Caffeine cache in production.You can switch to using Caffeine cache, by adding it and org.springframework.cache.caffeine.CaffeineCacheManager to the classpath.
2025-12-26 18:25:01 - Exposing 1 endpoint beneath base path '/actuator'
2025-12-26 18:25:01 - Setting initial instance status as: STARTING
2025-12-26 18:25:01 - Initializing Eureka in region us-east-1
2025-12-26 18:25:01 - Resolving eureka endpoints via configuration
2025-12-26 18:25:01 - Disable delta property : false
2025-12-26 18:25:01 - Single vip registry refresh property : null
2025-12-26 18:25:01 - Force full registry fetch : false
2025-12-26 18:25:01 - Application is null : false
2025-12-26 18:25:01 - Registered Applications size is zero : true
2025-12-26 18:25:01 - Application version is -1: true
2025-12-26 18:25:01 - Getting all instance registry info from the eureka server
2025-12-26 18:25:01 - The response status is 200
2025-12-26 18:25:01 - Starting heartbeat executor: renew interval is: 30
2025-12-26 18:25:01 - InstanceInfoReplicator onDemand update allowed rate per min is 4
2025-12-26 18:25:01 - Discovery Client initialized at timestamp 1766769901678 with initial instances count: 2
2025-12-26 18:25:01 - Registering application USER-SERVICE with eureka with status UP
2025-12-26 18:25:01 - Saw local status change event StatusChangeEvent [timestamp=1766769901695, current=UP, previous=STARTING]
2025-12-26 18:25:01 - DiscoveryClient_USER-SERVICE/DESKTOP-I9GMSBV:user-service:8084: registering service...
2025-12-26 18:25:01 - Tomcat started on port 8084 (http) with context path '/'
2025-12-26 18:25:01 - Updating port to 8084
2025-12-26 18:25:01 - DiscoveryClient_USER-SERVICE/DESKTOP-I9GMSBV:user-service:8084 - registration status: 204
2025-12-26 18:25:01 - Started UserApplication in 12.935 seconds (process running for 13.433)
2025-12-26 18:25:47 - Initializing Spring DispatcherServlet 'dispatcherServlet'
2025-12-26 18:25:47 - Initializing Servlet 'dispatcherServlet'
2025-12-26 18:25:47 - Completed initialization in 4 ms
